<?xml version="1.0" encoding="UTF-8"?>
<testng-results ignored="0" total="106" passed="60" failed="46" skipped="0">
  <reporter-output>
  </reporter-output>
  <suite started-at="2023-09-05T08:23:49 EDT" name="Default suite" finished-at="2023-09-05T08:30:27 EDT" duration-ms="397896">
    <groups>
      <group name="cucumber">
        <method signature="AbstractTestNGCucumberTests.runScenario(io.cucumber.testng.PickleWrapper,io.cucumber.testng.FeatureWrapper)[pri:0, instance:testRunner.MyTestRunner@26df6e3a]" name="runScenario" class="io.cucumber.testng.AbstractTestNGCucumberTests"/>
      </group> <!-- cucumber -->
    </groups>
    <test started-at="2023-09-05T08:23:49 EDT" name="Default test" finished-at="2023-09-05T08:30:27 EDT" duration-ms="397896">
      <class name="testRunner.MyTestRunner">
        <test-method is-config="true" signature="setUpClass(org.testng.ITestContext)[pri:0, instance:testRunner.MyTestRunner@26df6e3a]" started-at="2023-09-05T08:23:49 EDT" name="setUpClass" finished-at="2023-09-05T08:23:49 EDT" duration-ms="496" status="PASS">
          <params>
            <param index="0">
              <value>
                <![CDATA[org.testng.TestRunner@6a10b263]]>
              </value>
            </param>
          </params>
          <reporter-output>
          </reporter-output>
        </test-method> <!-- setUpClass -->
        <test-method signature="runScenario(io.cucumber.testng.PickleWrapper,io.cucumber.testng.FeatureWrapper)[pri:0, instance:testRunner.MyTestRunner@26df6e3a]" started-at="2023-09-05T08:23:49 EDT" name="runScenario" description="Runs Cucumber Scenarios" data-provider="scenarios" finished-at="2023-09-05T08:23:56 EDT" duration-ms="6398" status="FAIL">
          <params>
            <param index="0">
              <value>
                <![CDATA["User is able to navigate to Arrays in Python page"]]>
              </value>
            </param>
            <param index="1">
              <value>
                <![CDATA["Array Page"]]>
              </value>
            </param>
          </params>
          <exception class="org.openqa.selenium.WebDriverException">
            <message>
              <![CDATA[java.net.ConnectException: Failed to connect to localhost/[0:0:0:0:0:0:0:1]:49892
Build info: version: '3.141.59', revision: 'e82be7d358', time: '2018-11-14T08:17:03'
System info: host: 'LAPTOP-EGII9MOL', ip: '192.168.1.32', os.name: 'Windows 11', os.arch: 'amd64', os.version: '10.0', java.version: '17.0.8'
Driver info: driver.version: FirefoxDriver]]>
            </message>
            <full-stacktrace>
              <![CDATA[org.openqa.selenium.WebDriverException: java.net.ConnectException: Failed to connect to localhost/[0:0:0:0:0:0:0:1]:49892
Build info: version: '3.141.59', revision: 'e82be7d358', time: '2018-11-14T08:17:03'
System info: host: 'LAPTOP-EGII9MOL', ip: '192.168.1.32', os.name: 'Windows 11', os.arch: 'amd64', os.version: '10.0', java.version: '17.0.8'
Driver info: driver.version: FirefoxDriver
at org.openqa.selenium.remote.service.DriverCommandExecutor.execute(DriverCommandExecutor.java:92)
at org.openqa.selenium.remote.RemoteWebDriver.execute(RemoteWebDriver.java:552)
at org.openqa.selenium.remote.RemoteWebDriver.startSession(RemoteWebDriver.java:213)
at org.openqa.selenium.remote.RemoteWebDriver.<init>(RemoteWebDriver.java:131)
at org.openqa.selenium.firefox.FirefoxDriver.<init>(FirefoxDriver.java:147)
at org.openqa.selenium.firefox.FirefoxDriver.<init>(FirefoxDriver.java:125)
at driver.Driverfactory.init_driver(Driverfactory.java:39)
at appHooks.AppHooks.launchBrowser(AppHooks.java:37)
Caused by: java.net.ConnectException: Failed to connect to localhost/[0:0:0:0:0:0:0:1]:49892
at okhttp3.internal.connection.RealConnection.connectSocket(RealConnection.java:247)
at okhttp3.internal.connection.RealConnection.connect(RealConnection.java:165)
at okhttp3.internal.connection.StreamAllocation.findConnection(StreamAllocation.java:257)
at okhttp3.internal.connection.StreamAllocation.findHealthyConnection(StreamAllocation.java:135)
at okhttp3.internal.connection.StreamAllocation.newStream(StreamAllocation.java:114)
at okhttp3.internal.connection.ConnectInterceptor.intercept(ConnectInterceptor.java:42)
at okhttp3.internal.http.RealInterceptorChain.proceed(RealInterceptorChain.java:147)
at okhttp3.internal.http.RealInterceptorChain.proceed(RealInterceptorChain.java:121)
at okhttp3.internal.cache.CacheInterceptor.intercept(CacheInterceptor.java:93)
at okhttp3.internal.http.RealInterceptorChain.proceed(RealInterceptorChain.java:147)
at okhttp3.internal.http.RealInterceptorChain.proceed(RealInterceptorChain.java:121)
at okhttp3.internal.http.BridgeInterceptor.intercept(BridgeInterceptor.java:93)
at okhttp3.internal.http.RealInterceptorChain.proceed(RealInterceptorChain.java:147)
at okhttp3.internal.http.RetryAndFollowUpInterceptor.intercept(RetryAndFollowUpInterceptor.java:126)
at okhttp3.internal.http.RealInterceptorChain.proceed(RealInterceptorChain.java:147)
at okhttp3.internal.http.RealInterceptorChain.proceed(RealInterceptorChain.java:121)
at okhttp3.RealCall.getResponseWithInterceptorChain(RealCall.java:200)
at okhttp3.RealCall.execute(RealCall.java:77)
at org.openqa.selenium.remote.internal.OkHttpClient.execute(OkHttpClient.java:103)
at org.openqa.selenium.remote.ProtocolHandshake.createSession(ProtocolHandshake.java:105)
at org.openqa.selenium.remote.ProtocolHandshake.createSession(ProtocolHandshake.java:74)
at org.openqa.selenium.remote.HttpCommandExecutor.execute(HttpCommandExecutor.java:136)
at org.openqa.selenium.remote.service.DriverCommandExecutor.execute(DriverCommandExecutor.java:83)
at org.openqa.selenium.remote.RemoteWebDriver.execute(RemoteWebDriver.java:552)
at org.openqa.selenium.remote.RemoteWebDriver.startSession(RemoteWebDriver.java:213)
at org.openqa.selenium.remote.RemoteWebDriver.<init>(RemoteWebDriver.java:131)
at org.openqa.selenium.firefox.FirefoxDriver.<init>(FirefoxDriver.java:147)
at org.openqa.selenium.firefox.FirefoxDriver.<init>(FirefoxDriver.java:125)
at driver.Driverfactory.init_driver(Driverfactory.java:39)
at appHooks.AppHooks.launchBrowser(AppHooks.java:37)
at java.base/jdk.internal.reflect.NativeMethodAccessorImpl.invoke0(Native Method)
at java.base/jdk.internal.reflect.NativeMethodAccessorImpl.invoke(NativeMethodAccessorImpl.java:77)
at java.base/jdk.internal.reflect.DelegatingMethodAccessorImpl.invoke(DelegatingMethodAccessorImpl.java:43)
at java.base/java.lang.reflect.Method.invoke(Method.java:568)
at io.cucumber.java.Invoker.doInvoke(Invoker.java:66)
at io.cucumber.java.Invoker.invoke(Invoker.java:24)
at io.cucumber.java.AbstractGlueDefinition.invokeMethod(AbstractGlueDefinition.java:47)
at io.cucumber.java.JavaHookDefinition.execute(JavaHookDefinition.java:64)
at io.cucumber.core.runner.CoreHookDefinition.execute(CoreHookDefinition.java:46)
at io.cucumber.core.runner.HookDefinitionMatch.runStep(HookDefinitionMatch.java:21)
at io.cucumber.core.runner.ExecutionMode$1.execute(ExecutionMode.java:10)
at io.cucumber.core.runner.TestStep.executeStep(TestStep.java:84)
at io.cucumber.core.runner.TestStep.run(TestStep.java:56)
at io.cucumber.core.runner.TestCase.run(TestCase.java:78)
at io.cucumber.core.runner.Runner.runPickle(Runner.java:75)
at io.cucumber.testng.TestNGCucumberRunner.lambda$runScenario$1(TestNGCucumberRunner.java:132)
at io.cucumber.core.runtime.CucumberExecutionContext.lambda$runTestCase$5(CucumberExecutionContext.java:137)
at io.cucumber.core.runtime.RethrowingThrowableCollector.executeAndThrow(RethrowingThrowableCollector.java:23)
at io.cucumber.core.runtime.CucumberExecutionContext.runTestCase(CucumberExecutionContext.java:137)
at io.cucumber.testng.TestNGCucumberRunner.runScenario(TestNGCucumberRunner.java:129)
at io.cucumber.testng.AbstractTestNGCucumberTests.runScenario(AbstractTestNGCucumberTests.java:35)
at java.base/jdk.internal.reflect.NativeMethodAccessorImpl.invoke0(Native Method)
at java.base/jdk.internal.reflect.NativeMethodAccessorImpl.invoke(NativeMethodAccessorImpl.java:77)
at java.base/jdk.internal.reflect.DelegatingMethodAccessorImpl.invoke(DelegatingMethodAccessorImpl.java:43)
at java.base/java.lang.reflect.Method.invoke(Method.java:568)
at org.testng.internal.invokers.MethodInvocationHelper.invokeMethod(MethodInvocationHelper.java:139)
at org.testng.internal.invokers.TestInvoker.invokeMethod(TestInvoker.java:664)
at org.testng.internal.invokers.TestInvoker.invokeTestMethod(TestInvoker.java:227)
at org.testng.internal.invokers.TestMethodWithDataProviderMethodWorker.call(TestMethodWithDataProviderMethodWorker.java:80)
at org.testng.internal.invokers.TestMethodWithDataProviderMethodWorker.call(TestMethodWithDataProviderMethodWorker.java:17)
at java.base/java.util.concurrent.FutureTask.run(FutureTask.java:264)
at java.base/java.util.concurrent.Executors$RunnableAdapter.call(Executors.java:539)
at java.base/java.util.concurrent.FutureTask.run(FutureTask.java:264)
at java.base/java.util.concurrent.ThreadPoolExecutor.runWorker(ThreadPoolExecutor.java:1136)
at java.base/java.util.concurrent.ThreadPoolExecutor$Worker.run(ThreadPoolExecutor.java:635)
at java.base/java.lang.Thread.run(Thread.java:833)
Caused by: java.net.ConnectException: Connection refused: no further information
at java.base/sun.nio.ch.Net.pollConnect(Native Method)
at java.base/sun.nio.ch.Net.pollConnectNow(Net.java:672)
at java.base/sun.nio.ch.NioSocketImpl.timedFinishConnect(NioSocketImpl.java:542)
at java.base/sun.nio.ch.NioSocketImpl.connect(NioSocketImpl.java:597)
at java.base/java.net.SocksSocketImpl.connect(SocksSocketImpl.java:327)
at java.base/java.net.Socket.connect(Socket.java:633)
at okhttp3.internal.platform.Platform.connectSocket(Platform.java:129)
at okhttp3.internal.connection.RealConnection.connectSocket(RealConnection.java:245)
... 65 more
]]>
            </full-stacktrace>
          </exception> <!-- org.openqa.selenium.WebDriverException -->
          <reporter-output>
          </reporter-output>
        </test-method> <!-- runScenario -->
        <test-method signature="runScenario(io.cucumber.testng.PickleWrapper,io.cucumber.testng.FeatureWrapper)[pri:0, instance:testRunner.MyTestRunner@26df6e3a]" started-at="2023-09-05T08:23:49 EDT" name="runScenario" description="Runs Cucumber Scenarios" data-provider="scenarios" finished-at="2023-09-05T08:24:13 EDT" duration-ms="23365" status="FAIL">
          <params>
            <param index="0">
              <value>
                <![CDATA["The user is presented with error message for code with invalid syntax in tryEditor for Arrays Using List page"]]>
              </value>
            </param>
            <param index="1">
              <value>
                <![CDATA["Array Page"]]>
              </value>
            </param>
          </params>
          <exception class="org.openqa.selenium.WebDriverException">
            <message>
              <![CDATA[java.net.ConnectException: Failed to connect to localhost/[0:0:0:0:0:0:0:1]:24837
Build info: version: '3.141.59', revision: 'e82be7d358', time: '2018-11-14T08:17:03'
System info: host: 'LAPTOP-EGII9MOL', ip: '192.168.1.32', os.name: 'Windows 11', os.arch: 'amd64', os.version: '10.0', java.version: '17.0.8'
Driver info: driver.version: FirefoxDriver]]>
            </message>
            <full-stacktrace>
              <![CDATA[org.openqa.selenium.WebDriverException: java.net.ConnectException: Failed to connect to localhost/[0:0:0:0:0:0:0:1]:24837
Build info: version: '3.141.59', revision: 'e82be7d358', time: '2018-11-14T08:17:03'
System info: host: 'LAPTOP-EGII9MOL', ip: '192.168.1.32', os.name: 'Windows 11', os.arch: 'amd64', os.version: '10.0', java.version: '17.0.8'
Driver info: driver.version: FirefoxDriver
at org.openqa.selenium.remote.service.DriverCommandExecutor.execute(DriverCommandExecutor.java:92)
at org.openqa.selenium.remote.RemoteWebDriver.execute(RemoteWebDriver.java:552)
at org.openqa.selenium.remote.RemoteWebDriver.startSession(RemoteWebDriver.java:213)
at org.openqa.selenium.remote.RemoteWebDriver.<init>(RemoteWebDriver.java:131)
at org.openqa.selenium.firefox.FirefoxDriver.<init>(FirefoxDriver.java:147)
at org.openqa.selenium.firefox.FirefoxDriver.<init>(FirefoxDriver.java:125)
at driver.Driverfactory.init_driver(Driverfactory.java:39)
at appHooks.AppHooks.launchBrowser(AppHooks.java:37)
Caused by: java.net.ConnectException: Failed to connect to localhost/[0:0:0:0:0:0:0:1]:24837
at okhttp3.internal.connection.RealConnection.connectSocket(RealConnection.java:247)
at okhttp3.internal.connection.RealConnection.connect(RealConnection.java:165)
at okhttp3.internal.connection.StreamAllocation.findConnection(StreamAllocation.java:257)
at okhttp3.internal.connection.StreamAllocation.findHealthyConnection(StreamAllocation.java:135)
at okhttp3.internal.connection.StreamAllocation.newStream(StreamAllocation.java:114)
at okhttp3.internal.connection.ConnectInterceptor.intercept(ConnectInterceptor.java:42)
at okhttp3.internal.http.RealInterceptorChain.proceed(RealInterceptorChain.java:147)
at okhttp3.internal.http.RealInterceptorChain.proceed(RealInterceptorChain.java:121)
at okhttp3.internal.cache.CacheInterceptor.intercept(CacheInterceptor.java:93)
at okhttp3.internal.http.RealInterceptorChain.proceed(RealInterceptorChain.java:147)
at okhttp3.internal.http.RealInterceptorChain.proceed(RealInterceptorChain.java:121)
at okhttp3.internal.http.BridgeInterceptor.intercept(BridgeInterceptor.java:93)
at okhttp3.internal.http.RealInterceptorChain.proceed(RealInterceptorChain.java:147)
at okhttp3.internal.http.RetryAndFollowUpInterceptor.intercept(RetryAndFollowUpInterceptor.java:126)
at okhttp3.internal.http.RealInterceptorChain.proceed(RealInterceptorChain.java:147)
at okhttp3.internal.http.RealInterceptorChain.proceed(RealInterceptorChain.java:121)
at okhttp3.RealCall.getResponseWithInterceptorChain(RealCall.java:200)
at okhttp3.RealCall.execute(RealCall.java:77)
at org.openqa.selenium.remote.internal.OkHttpClient.execute(OkHttpClient.java:103)
at org.openqa.selenium.remote.ProtocolHandshake.createSession(ProtocolHandshake.java:105)
at org.openqa.selenium.remote.ProtocolHandshake.createSession(ProtocolHandshake.java:74)
at org.openqa.selenium.remote.HttpCommandExecutor.execute(HttpCommandExecutor.java:136)
at org.openqa.selenium.remote.service.DriverCommandExecutor.execute(DriverCommandExecutor.java:83)
at org.openqa.selenium.remote.RemoteWebDriver.execute(RemoteWebDriver.java:552)
at org.openqa.selenium.remote.RemoteWebDriver.startSession(RemoteWebDriver.java:213)
at org.openqa.selenium.remote.RemoteWebDriver.<init>(RemoteWebDriver.java:131)
at org.openqa.selenium.firefox.FirefoxDriver.<init>(FirefoxDriver.java:147)
at org.openqa.selenium.firefox.FirefoxDriver.<init>(FirefoxDriver.java:125)
at driver.Driverfactory.init_driver(Driverfactory.java:39)
at appHooks.AppHooks.launchBrowser(AppHooks.java:37)
at java.base/jdk.internal.reflect.NativeMethodAccessorImpl.invoke0(Native Method)
at java.base/jdk.internal.reflect.NativeMethodAccessorImpl.invoke(NativeMethodAccessorImpl.java:77)
at java.base/jdk.internal.reflect.DelegatingMethodAccessorImpl.invoke(DelegatingMethodAccessorImpl.java:43)
at java.base/java.lang.reflect.Method.invoke(Method.java:568)
at io.cucumber.java.Invoker.doInvoke(Invoker.java:66)
at io.cucumber.java.Invoker.invoke(Invoker.java:24)
at io.cucumber.java.AbstractGlueDefinition.invokeMethod(AbstractGlueDefinition.java:47)
at io.cucumber.java.JavaHookDefinition.execute(JavaHookDefinition.java:64)
at io.cucumber.core.runner.CoreHookDefinition.execute(CoreHookDefinition.java:46)
at io.cucumber.core.runner.HookDefinitionMatch.runStep(HookDefinitionMatch.java:21)
at io.cucumber.core.runner.ExecutionMode$1.execute(ExecutionMode.java:10)
at io.cucumber.core.runner.TestStep.executeStep(TestStep.java:84)
at io.cucumber.core.runner.TestStep.run(TestStep.java:56)
at io.cucumber.core.runner.TestCase.run(TestCase.java:78)
at io.cucumber.core.runner.Runner.runPickle(Runner.java:75)
at io.cucumber.testng.TestNGCucumberRunner.lambda$runScenario$1(TestNGCucumberRunner.java:132)
at io.cucumber.core.runtime.CucumberExecutionContext.lambda$runTestCase$5(CucumberExecutionContext.java:137)
at io.cucumber.core.runtime.RethrowingThrowableCollector.executeAndThrow(RethrowingThrowableCollector.java:23)
at io.cucumber.core.runtime.CucumberExecutionContext.runTestCase(CucumberExecutionContext.java:137)
at io.cucumber.testng.TestNGCucumberRunner.runScenario(TestNGCucumberRunner.java:129)
at io.cucumber.testng.AbstractTestNGCucumberTests.runScenario(AbstractTestNGCucumberTests.java:35)
at java.base/jdk.internal.reflect.NativeMethodAccessorImpl.invoke0(Native Method)
at java.base/jdk.internal.reflect.NativeMethodAccessorImpl.invoke(NativeMethodAccessorImpl.java:77)
at java.base/jdk.internal.reflect.DelegatingMethodAccessorImpl.invoke(DelegatingMethodAccessorImpl.java:43)
at java.base/java.lang.reflect.Method.invoke(Method.java:568)
at org.testng.internal.invokers.MethodInvocationHelper.invokeMethod(MethodInvocationHelper.java:139)
at org.testng.internal.invokers.TestInvoker.invokeMethod(TestInvoker.java:664)
at org.testng.internal.invokers.TestInvoker.invokeTestMethod(TestInvoker.java:227)
at org.testng.internal.invokers.TestMethodWithDataProviderMethodWorker.call(TestMethodWithDataProviderMethodWorker.java:80)
at org.testng.internal.invokers.TestMethodWithDataProviderMethodWorker.call(TestMethodWithDataProviderMethodWorker.java:17)
at java.base/java.util.concurrent.FutureTask.run(FutureTask.java:264)
at java.base/java.util.concurrent.Executors$RunnableAdapter.call(Executors.java:539)
at java.base/java.util.concurrent.FutureTask.run(FutureTask.java:264)
at java.base/java.util.concurrent.ThreadPoolExecutor.runWorker(ThreadPoolExecutor.java:1136)
at java.base/java.util.concurrent.ThreadPoolExecutor$Worker.run(ThreadPoolExecutor.java:635)
at java.base/java.lang.Thread.run(Thread.java:833)
Caused by: java.net.ConnectException: Connection refused: no further information
at java.base/sun.nio.ch.Net.pollConnect(Native Method)
at java.base/sun.nio.ch.Net.pollConnectNow(Net.java:672)
at java.base/sun.nio.ch.NioSocketImpl.timedFinishConnect(NioSocketImpl.java:542)
at java.base/sun.nio.ch.NioSocketImpl.connect(NioSocketImpl.java:597)
at java.base/java.net.SocksSocketImpl.connect(SocksSocketImpl.java:327)
at java.base/java.net.Socket.connect(Socket.java:633)
at okhttp3.internal.platform.Platform.connectSocket(Platform.java:129)
at okhttp3.internal.connection.RealConnection.connectSocket(RealConnection.java:245)
... 65 more
]]>
            </full-stacktrace>
          </exception> <!-- org.openqa.selenium.WebDriverException -->
          <reporter-output>
          </reporter-output>
        </test-method> <!-- runScenario -->
        <test-method signature="runScenario(io.cucumber.testng.PickleWrapper,io.cucumber.testng.FeatureWrapper)[pri:0, instance:testRunner.MyTestRunner@26df6e3a]" started-at="2023-09-05T08:23:49 EDT" name="runScenario" description="Runs Cucumber Scenarios" data-provider="scenarios" finished-at="2023-09-05T08:24:13 EDT" duration-ms="23300" status="FAIL">
          <params>
            <param index="0">
              <value>
                <![CDATA["The user is presented with error message for code with invalid syntax in tryEditor for Applications of Array page"]]>
              </value>
            </param>
            <param index="1">
              <value>
                <![CDATA["Array Page"]]>
              </value>
            </param>
          </params>
          <exception class="org.openqa.selenium.WebDriverException">
            <message>
              <![CDATA[java.net.ConnectException: Failed to connect to localhost/[0:0:0:0:0:0:0:1]:12925
Build info: version: '3.141.59', revision: 'e82be7d358', time: '2018-11-14T08:17:03'
System info: host: 'LAPTOP-EGII9MOL', ip: '192.168.1.32', os.name: 'Windows 11', os.arch: 'amd64', os.version: '10.0', java.version: '17.0.8'
Driver info: driver.version: FirefoxDriver]]>
            </message>
            <full-stacktrace>
              <![CDATA[org.openqa.selenium.WebDriverException: java.net.ConnectException: Failed to connect to localhost/[0:0:0:0:0:0:0:1]:12925
Build info: version: '3.141.59', revision: 'e82be7d358', time: '2018-11-14T08:17:03'
System info: host: 'LAPTOP-EGII9MOL', ip: '192.168.1.32', os.name: 'Windows 11', os.arch: 'amd64', os.version: '10.0', java.version: '17.0.8'
Driver info: driver.version: FirefoxDriver
at org.openqa.selenium.remote.service.DriverCommandExecutor.execute(DriverCommandExecutor.java:92)
at org.openqa.selenium.remote.RemoteWebDriver.execute(RemoteWebDriver.java:552)
at org.openqa.selenium.remote.RemoteWebDriver.startSession(RemoteWebDriver.java:213)
at org.openqa.selenium.remote.RemoteWebDriver.<init>(RemoteWebDriver.java:131)
at org.openqa.selenium.firefox.FirefoxDriver.<init>(FirefoxDriver.java:147)
at org.openqa.selenium.firefox.FirefoxDriver.<init>(FirefoxDriver.java:125)
at driver.Driverfactory.init_driver(Driverfactory.java:39)
at appHooks.AppHooks.launchBrowser(AppHooks.java:37)
Caused by: java.net.ConnectException: Failed to connect to localhost/[0:0:0:0:0:0:0:1]:12925
at okhttp3.internal.connection.RealConnection.connectSocket(RealConnection.java:247)
at okhttp3.internal.connection.RealConnection.connect(RealConnection.java:165)
at okhttp3.internal.connection.StreamAllocation.findConnection(StreamAllocation.java:257)
at okhttp3.internal.connection.StreamAllocation.findHealthyConnection(StreamAllocation.java:135)
at okhttp3.internal.connection.StreamAllocation.newStream(StreamAllocation.java:114)
at okhttp3.internal.connection.ConnectInterceptor.intercept(ConnectInterceptor.java:42)
at okhttp3.internal.http.RealInterceptorChain.proceed(RealInterceptorChain.java:147)
at okhttp3.internal.http.RealInterceptorChain.proceed(RealInterceptorChain.java:121)
at okhttp3.internal.cache.CacheInterceptor.intercept(CacheInterceptor.java:93)
at okhttp3.internal.http.RealInterceptorChain.proceed(RealInterceptorChain.java:147)
at okhttp3.internal.http.RealInterceptorChain.proceed(RealInterceptorChain.java:121)
at okhttp3.internal.http.BridgeInterceptor.intercept(BridgeInterceptor.java:93)
at okhttp3.internal.http.RealInterceptorChain.proceed(RealInterceptorChain.java:147)
at okhttp3.internal.http.RetryAndFollowUpInterceptor.intercept(RetryAndFollowUpInterceptor.java:126)
at okhttp3.internal.http.RealInterceptorChain.proceed(RealInterceptorChain.java:147)
at okhttp3.internal.http.RealInterceptorChain.proceed(RealInterceptorChain.java:121)
at okhttp3.RealCall.getResponseWithInterceptorChain(RealCall.java:200)
at okhttp3.RealCall.execute(RealCall.java:77)
at org.openqa.selenium.remote.internal.OkHttpClient.execute(OkHttpClient.java:103)
at org.openqa.selenium.remote.ProtocolHandshake.createSession(ProtocolHandshake.java:105)
at org.openqa.selenium.remote.ProtocolHandshake.createSession(ProtocolHandshake.java:74)
at org.openqa.selenium.remote.HttpCommandExecutor.execute(HttpCommandExecutor.java:136)
at org.openqa.selenium.remote.service.DriverCommandExecutor.execute(DriverCommandExecutor.java:83)
at org.openqa.selenium.remote.RemoteWebDriver.execute(RemoteWebDriver.java:552)
at org.openqa.selenium.remote.RemoteWebDriver.startSession(RemoteWebDriver.java:213)
at org.openqa.selenium.remote.RemoteWebDriver.<init>(RemoteWebDriver.java:131)
at org.openqa.selenium.firefox.FirefoxDriver.<init>(FirefoxDriver.java:147)
at org.openqa.selenium.firefox.FirefoxDriver.<init>(FirefoxDriver.java:125)
at driver.Driverfactory.init_driver(Driverfactory.java:39)
at appHooks.AppHooks.launchBrowser(AppHooks.java:37)
at java.base/jdk.internal.reflect.NativeMethodAccessorImpl.invoke0(Native Method)
at java.base/jdk.internal.reflect.NativeMethodAccessorImpl.invoke(NativeMethodAccessorImpl.java:77)
at java.base/jdk.internal.reflect.DelegatingMethodAccessorImpl.invoke(DelegatingMethodAccessorImpl.java:43)
at java.base/java.lang.reflect.Method.invoke(Method.java:568)
at io.cucumber.java.Invoker.doInvoke(Invoker.java:66)
at io.cucumber.java.Invoker.invoke(Invoker.java:24)
at io.cucumber.java.AbstractGlueDefinition.invokeMethod(AbstractGlueDefinition.java:47)
at io.cucumber.java.JavaHookDefinition.execute(JavaHookDefinition.java:64)
at io.cucumber.core.runner.CoreHookDefinition.execute(CoreHookDefinition.java:46)
at io.cucumber.core.runner.HookDefinitionMatch.runStep(HookDefinitionMatch.java:21)
at io.cucumber.core.runner.ExecutionMode$1.execute(ExecutionMode.java:10)
at io.cucumber.core.runner.TestStep.executeStep(TestStep.java:84)
at io.cucumber.core.runner.TestStep.run(TestStep.java:56)
at io.cucumber.core.runner.TestCase.run(TestCase.java:78)
at io.cucumber.core.runner.Runner.runPickle(Runner.java:75)
at io.cucumber.testng.TestNGCucumberRunner.lambda$runScenario$1(TestNGCucumberRunner.java:132)
at io.cucumber.core.runtime.CucumberExecutionContext.lambda$runTestCase$5(CucumberExecutionContext.java:137)
at io.cucumber.core.runtime.RethrowingThrowableCollector.executeAndThrow(RethrowingThrowableCollector.java:23)
at io.cucumber.core.runtime.CucumberExecutionContext.runTestCase(CucumberExecutionContext.java:137)
at io.cucumber.testng.TestNGCucumberRunner.runScenario(TestNGCucumberRunner.java:129)
at io.cucumber.testng.AbstractTestNGCucumberTests.runScenario(AbstractTestNGCucumberTests.java:35)
at java.base/jdk.internal.reflect.NativeMethodAccessorImpl.invoke0(Native Method)
at java.base/jdk.internal.reflect.NativeMethodAccessorImpl.invoke(NativeMethodAccessorImpl.java:77)
at java.base/jdk.internal.reflect.DelegatingMethodAccessorImpl.invoke(DelegatingMethodAccessorImpl.java:43)
at java.base/java.lang.reflect.Method.invoke(Method.java:568)
at org.testng.internal.invokers.MethodInvocationHelper.invokeMethod(MethodInvocationHelper.java:139)
at org.testng.internal.invokers.TestInvoker.invokeMethod(TestInvoker.java:664)
at org.testng.internal.invokers.TestInvoker.invokeTestMethod(TestInvoker.java:227)
at org.testng.internal.invokers.TestMethodWithDataProviderMethodWorker.call(TestMethodWithDataProviderMethodWorker.java:80)
at org.testng.internal.invokers.TestMethodWithDataProviderMethodWorker.call(TestMethodWithDataProviderMethodWorker.java:17)
at java.base/java.util.concurrent.FutureTask.run(FutureTask.java:264)
at java.base/java.util.concurrent.Executors$RunnableAdapter.call(Executors.java:539)
at java.base/java.util.concurrent.FutureTask.run(FutureTask.java:264)
at java.base/java.util.concurrent.ThreadPoolExecutor.runWorker(ThreadPoolExecutor.java:1136)
at java.base/java.util.concurrent.ThreadPoolExecutor$Worker.run(ThreadPoolExecutor.java:635)
at java.base/java.lang.Thread.run(Thread.java:833)
Caused by: java.net.ConnectException: Connection refused: no further information
at java.base/sun.nio.ch.Net.pollConnect(Native Method)
at java.base/sun.nio.ch.Net.pollConnectNow(Net.java:672)
at java.base/sun.nio.ch.NioSocketImpl.timedFinishConnect(NioSocketImpl.java:542)
at java.base/sun.nio.ch.NioSocketImpl.connect(NioSocketImpl.java:597)
at java.base/java.net.SocksSocketImpl.connect(SocksSocketImpl.java:327)
at java.base/java.net.Socket.connect(Socket.java:633)
at okhttp3.internal.platform.Platform.connectSocket(Platform.java:129)
at okhttp3.internal.connection.RealConnection.connectSocket(RealConnection.java:245)
... 65 more
]]>
            </full-stacktrace>
          </exception> <!-- org.openqa.selenium.WebDriverException -->
          <reporter-output>
          </reporter-output>
        </test-method> <!-- runScenario -->
        <test-method signature="runScenario(io.cucumber.testng.PickleWrapper,io.cucumber.testng.FeatureWrapper)[pri:0, instance:testRunner.MyTestRunner@26df6e3a]" started-at="2023-09-05T08:23:49 EDT" name="runScenario" description="Runs Cucumber Scenarios" data-provider="scenarios" finished-at="2023-09-05T08:24:13 EDT" duration-ms="23466" status="FAIL">
          <params>
            <param index="0">
              <value>
                <![CDATA["The user is able to navigate to Arrays Using List page"]]>
              </value>
            </param>
            <param index="1">
              <value>
                <![CDATA["Array Page"]]>
              </value>
            </param>
          </params>
          <exception class="org.openqa.selenium.WebDriverException">
            <message>
              <![CDATA[java.net.ConnectException: Failed to connect to localhost/[0:0:0:0:0:0:0:1]:24927
Build info: version: '3.141.59', revision: 'e82be7d358', time: '2018-11-14T08:17:03'
System info: host: 'LAPTOP-EGII9MOL', ip: '192.168.1.32', os.name: 'Windows 11', os.arch: 'amd64', os.version: '10.0', java.version: '17.0.8'
Driver info: driver.version: FirefoxDriver]]>
            </message>
            <full-stacktrace>
              <![CDATA[org.openqa.selenium.WebDriverException: java.net.ConnectException: Failed to connect to localhost/[0:0:0:0:0:0:0:1]:24927
Build info: version: '3.141.59', revision: 'e82be7d358', time: '2018-11-14T08:17:03'
System info: host: 'LAPTOP-EGII9MOL', ip: '192.168.1.32', os.name: 'Windows 11', os.arch: 'amd64', os.version: '10.0', java.version: '17.0.8'
Driver info: driver.version: FirefoxDriver
at org.openqa.selenium.remote.service.DriverCommandExecutor.execute(DriverCommandExecutor.java:92)
at org.openqa.selenium.remote.RemoteWebDriver.execute(RemoteWebDriver.java:552)
at org.openqa.selenium.remote.RemoteWebDriver.startSession(RemoteWebDriver.java:213)
at org.openqa.selenium.remote.RemoteWebDriver.<init>(RemoteWebDriver.java:131)
at org.openqa.selenium.firefox.FirefoxDriver.<init>(FirefoxDriver.java:147)
at org.openqa.selenium.firefox.FirefoxDriver.<init>(FirefoxDriver.java:125)
at driver.Driverfactory.init_driver(Driverfactory.java:39)
at appHooks.AppHooks.launchBrowser(AppHooks.java:37)
Caused by: java.net.ConnectException: Failed to connect to localhost/[0:0:0:0:0:0:0:1]:24927
at okhttp3.internal.connection.RealConnection.connectSocket(RealConnection.java:247)
at okhttp3.internal.connection.RealConnection.connect(RealConnection.java:165)
at okhttp3.internal.connection.StreamAllocation.findConnection(StreamAllocation.java:257)
at okhttp3.internal.connection.StreamAllocation.findHealthyConnection(StreamAllocation.java:135)
at okhttp3.internal.connection.StreamAllocation.newStream(StreamAllocation.java:114)
at okhttp3.internal.connection.ConnectInterceptor.intercept(ConnectInterceptor.java:42)
at okhttp3.internal.http.RealInterceptorChain.proceed(RealInterceptorChain.java:147)
at okhttp3.internal.http.RealInterceptorChain.proceed(RealInterceptorChain.java:121)
at okhttp3.internal.cache.CacheInterceptor.intercept(CacheInterceptor.java:93)
at okhttp3.internal.http.RealInterceptorChain.proceed(RealInterceptorChain.java:147)
at okhttp3.internal.http.RealInterceptorChain.proceed(RealInterceptorChain.java:121)
at okhttp3.internal.http.BridgeInterceptor.intercept(BridgeInterceptor.java:93)
at okhttp3.internal.http.RealInterceptorChain.proceed(RealInterceptorChain.java:147)
at okhttp3.internal.http.RetryAndFollowUpInterceptor.intercept(RetryAndFollowUpInterceptor.java:126)
at okhttp3.internal.http.RealInterceptorChain.proceed(RealInterceptorChain.java:147)
at okhttp3.internal.http.RealInterceptorChain.proceed(RealInterceptorChain.java:121)
at okhttp3.RealCall.getResponseWithInterceptorChain(RealCall.java:200)
at okhttp3.RealCall.execute(RealCall.java:77)
at org.openqa.selenium.remote.internal.OkHttpClient.execute(OkHttpClient.java:103)
at org.openqa.selenium.remote.ProtocolHandshake.createSession(ProtocolHandshake.java:105)
at org.openqa.selenium.remote.ProtocolHandshake.createSession(ProtocolHandshake.java:74)
at org.openqa.selenium.remote.HttpCommandExecutor.execute(HttpCommandExecutor.java:136)
at org.openqa.selenium.remote.service.DriverCommandExecutor.execute(DriverCommandExecutor.java:83)
at org.openqa.selenium.remote.RemoteWebDriver.execute(RemoteWebDriver.java:552)
at org.openqa.selenium.remote.RemoteWebDriver.startSession(RemoteWebDriver.java:213)
at org.openqa.selenium.remote.RemoteWebDriver.<init>(RemoteWebDriver.java:131)
at org.openqa.selenium.firefox.FirefoxDriver.<init>(FirefoxDriver.java:147)
at org.openqa.selenium.firefox.FirefoxDriver.<init>(FirefoxDriver.java:125)
at driver.Driverfactory.init_driver(Driverfactory.java:39)
at appHooks.AppHooks.launchBrowser(AppHooks.java:37)
at java.base/jdk.internal.reflect.NativeMethodAccessorImpl.invoke0(Native Method)
at java.base/jdk.internal.reflect.NativeMethodAccessorImpl.invoke(NativeMethodAccessorImpl.java:77)
at java.base/jdk.internal.reflect.DelegatingMethodAccessorImpl.invoke(DelegatingMethodAccessorImpl.java:43)
at java.base/java.lang.reflect.Method.invoke(Method.java:568)
at io.cucumber.java.Invoker.doInvoke(Invoker.java:66)
at io.cucumber.java.Invoker.invoke(Invoker.java:24)
at io.cucumber.java.AbstractGlueDefinition.invokeMethod(AbstractGlueDefinition.java:47)
at io.cucumber.java.JavaHookDefinition.execute(JavaHookDefinition.java:64)
at io.cucumber.core.runner.CoreHookDefinition.execute(CoreHookDefinition.java:46)
at io.cucumber.core.runner.HookDefinitionMatch.runStep(HookDefinitionMatch.java:21)
at io.cucumber.core.runner.ExecutionMode$1.execute(ExecutionMode.java:10)
at io.cucumber.core.runner.TestStep.executeStep(TestStep.java:84)
at io.cucumber.core.runner.TestStep.run(TestStep.java:56)
at io.cucumber.core.runner.TestCase.run(TestCase.java:78)
at io.cucumber.core.runner.Runner.runPickle(Runner.java:75)
at io.cucumber.testng.TestNGCucumberRunner.lambda$runScenario$1(TestNGCucumberRunner.java:132)
at io.cucumber.core.runtime.CucumberExecutionContext.lambda$runTestCase$5(CucumberExecutionContext.java:137)
at io.cucumber.core.runtime.RethrowingThrowableCollector.executeAndThrow(RethrowingThrowableCollector.java:23)
at io.cucumber.core.runtime.CucumberExecutionContext.runTestCase(CucumberExecutionContext.java:137)
at io.cucumber.testng.TestNGCucumberRunner.runScenario(TestNGCucumberRunner.java:129)
at io.cucumber.testng.AbstractTestNGCucumberTests.runScenario(AbstractTestNGCucumberTests.java:35)
at java.base/jdk.internal.reflect.NativeMethodAccessorImpl.invoke0(Native Method)
at java.base/jdk.internal.reflect.NativeMethodAccessorImpl.invoke(NativeMethodAccessorImpl.java:77)
at java.base/jdk.internal.reflect.DelegatingMethodAccessorImpl.invoke(DelegatingMethodAccessorImpl.java:43)
at java.base/java.lang.reflect.Method.invoke(Method.java:568)
at org.testng.internal.invokers.MethodInvocationHelper.invokeMethod(MethodInvocationHelper.java:139)
at org.testng.internal.invokers.TestInvoker.invokeMethod(TestInvoker.java:664)
at org.testng.internal.invokers.TestInvoker.invokeTestMethod(TestInvoker.java:227)
at org.testng.internal.invokers.TestMethodWithDataProviderMethodWorker.call(TestMethodWithDataProviderMethodWorker.java:80)
at org.testng.internal.invokers.TestMethodWithDataProviderMethodWorker.call(TestMethodWithDataProviderMethodWorker.java:17)
at java.base/java.util.concurrent.FutureTask.run(FutureTask.java:264)
at java.base/java.util.concurrent.Executors$RunnableAdapter.call(Executors.java:539)
at java.base/java.util.concurrent.FutureTask.run(FutureTask.java:264)
at java.base/java.util.concurrent.ThreadPoolExecutor.runWorker(ThreadPoolExecutor.java:1136)
at java.base/java.util.concurrent.ThreadPoolExecutor$Worker.run(ThreadPoolExecutor.java:635)
at java.base/java.lang.Thread.run(Thread.java:833)
Caused by: java.net.ConnectException: Connection refused: no further information
at java.base/sun.nio.ch.Net.pollConnect(Native Method)
at java.base/sun.nio.ch.Net.pollConnectNow(Net.java:672)
at java.base/sun.nio.ch.NioSocketImpl.timedFinishConnect(NioSocketImpl.java:542)
at java.base/sun.nio.ch.NioSocketImpl.connect(NioSocketImpl.java:597)
at java.base/java.net.SocksSocketImpl.connect(SocksSocketImpl.java:327)
at java.base/java.net.Socket.connect(Socket.java:633)
at okhttp3.internal.platform.Platform.connectSocket(Platform.java:129)
at okhttp3.internal.connection.RealConnection.connectSocket(RealConnection.java:245)
... 65 more
]]>
            </full-stacktrace>
          </exception> <!-- org.openqa.selenium.WebDriverException -->
          <reporter-output>
          </reporter-output>
        </test-method> <!-- runScenario -->
        <test-method signature="runScenario(io.cucumber.testng.PickleWrapper,io.cucumber.testng.FeatureWrapper)[pri:0, instance:testRunner.MyTestRunner@26df6e3a]" started-at="2023-09-05T08:23:49 EDT" name="runScenario" description="Runs Cucumber Scenarios" data-provider="scenarios" finished-at="2023-09-05T08:24:13 EDT" duration-ms="23492" status="FAIL">
          <params>
            <param index="0">
              <value>
                <![CDATA["The user is able to submit code in tryEditor for search the array Ones"]]>
              </value>
            </param>
            <param index="1">
              <value>
                <![CDATA["Array Page"]]>
              </value>
            </param>
          </params>
          <exception class="org.openqa.selenium.WebDriverException">
            <message>
              <![CDATA[java.net.ConnectException: Failed to connect to localhost/[0:0:0:0:0:0:0:1]:6603
Build info: version: '3.141.59', revision: 'e82be7d358', time: '2018-11-14T08:17:03'
System info: host: 'LAPTOP-EGII9MOL', ip: '192.168.1.32', os.name: 'Windows 11', os.arch: 'amd64', os.version: '10.0', java.version: '17.0.8'
Driver info: driver.version: FirefoxDriver]]>
            </message>
            <full-stacktrace>
              <![CDATA[org.openqa.selenium.WebDriverException: java.net.ConnectException: Failed to connect to localhost/[0:0:0:0:0:0:0:1]:6603
Build info: version: '3.141.59', revision: 'e82be7d358', time: '2018-11-14T08:17:03'
System info: host: 'LAPTOP-EGII9MOL', ip: '192.168.1.32', os.name: 'Windows 11', os.arch: 'amd64', os.version: '10.0', java.version: '17.0.8'
Driver info: driver.version: FirefoxDriver
at org.openqa.selenium.remote.service.DriverCommandExecutor.execute(DriverCommandExecutor.java:92)
at org.openqa.selenium.remote.RemoteWebDriver.execute(RemoteWebDriver.java:552)
at org.openqa.selenium.remote.RemoteWebDriver.startSession(RemoteWebDriver.java:213)
at org.openqa.selenium.remote.RemoteWebDriver.<init>(RemoteWebDriver.java:131)
at org.openqa.selenium.firefox.FirefoxDriver.<init>(FirefoxDriver.java:147)
at org.openqa.selenium.firefox.FirefoxDriver.<init>(FirefoxDriver.java:125)
at driver.Driverfactory.init_driver(Driverfactory.java:39)
at appHooks.AppHooks.launchBrowser(AppHooks.java:37)
Caused by: java.net.ConnectException: Failed to connect to localhost/[0:0:0:0:0:0:0:1]:6603
at okhttp3.internal.connection.RealConnection.connectSocket(RealConnection.java:247)
at okhttp3.internal.connection.RealConnection.connect(RealConnection.java:165)
at okhttp3.internal.connection.StreamAllocation.findConnection(StreamAllocation.java:257)
at okhttp3.internal.connection.StreamAllocation.findHealthyConnection(StreamAllocation.java:135)
at okhttp3.internal.connection.StreamAllocation.newStream(StreamAllocation.java:114)
at okhttp3.internal.connection.ConnectInterceptor.intercept(ConnectInterceptor.java:42)
at okhttp3.internal.http.RealInterceptorChain.proceed(RealInterceptorChain.java:147)
at okhttp3.internal.http.RealInterceptorChain.proceed(RealInterceptorChain.java:121)
at okhttp3.internal.cache.CacheInterceptor.intercept(CacheInterceptor.java:93)
at okhttp3.internal.http.RealInterceptorChain.proceed(RealInterceptorChain.java:147)
at okhttp3.internal.http.RealInterceptorChain.proceed(RealInterceptorChain.java:121)
at okhttp3.internal.http.BridgeInterceptor.intercept(BridgeInterceptor.java:93)
at okhttp3.internal.http.RealInterceptorChain.proceed(RealInterceptorChain.java:147)
at okhttp3.internal.http.RetryAndFollowUpInterceptor.intercept(RetryAndFollowUpInterceptor.java:126)
at okhttp3.internal.http.RealInterceptorChain.proceed(RealInterceptorChain.java:147)
at okhttp3.internal.http.RealInterceptorChain.proceed(RealInterceptorChain.java:121)
at okhttp3.RealCall.getResponseWithInterceptorChain(RealCall.java:200)
at okhttp3.RealCall.execute(RealCall.java:77)
at org.openqa.selenium.remote.internal.OkHttpClient.execute(OkHttpClient.java:103)
at org.openqa.selenium.remote.ProtocolHandshake.createSession(ProtocolHandshake.java:105)
at org.openqa.selenium.remote.ProtocolHandshake.createSession(ProtocolHandshake.java:74)
at org.openqa.selenium.remote.HttpCommandExecutor.execute(HttpCommandExecutor.java:136)
at org.openqa.selenium.remote.service.DriverCommandExecutor.execute(DriverCommandExecutor.java:83)
at org.openqa.selenium.remote.RemoteWebDriver.execute(RemoteWebDriver.java:552)
at org.openqa.selenium.remote.RemoteWebDriver.startSession(RemoteWebDriver.java:213)
at org.openqa.selenium.remote.RemoteWebDriver.<init>(RemoteWebDriver.java:131)
at org.openqa.selenium.firefox.FirefoxDriver.<init>(FirefoxDriver.java:147)
at org.openqa.selenium.firefox.FirefoxDriver.<init>(FirefoxDriver.java:125)
at driver.Driverfactory.init_driver(Driverfactory.java:39)
at appHooks.AppHooks.launchBrowser(AppHooks.java:37)
at java.base/jdk.internal.reflect.NativeMethodAccessorImpl.invoke0(Native Method)
at java.base/jdk.internal.reflect.NativeMethodAccessorImpl.invoke(NativeMethodAccessorImpl.java:77)
at java.base/jdk.internal.reflect.DelegatingMethodAccessorImpl.invoke(DelegatingMethodAccessorImpl.java:43)
at java.base/java.lang.reflect.Method.invoke(Method.java:568)
at io.cucumber.java.Invoker.doInvoke(Invoker.java:66)
at io.cucumber.java.Invoker.invoke(Invoker.java:24)
at io.cucumber.java.AbstractGlueDefinition.invokeMethod(AbstractGlueDefinition.java:47)
at io.cucumber.java.JavaHookDefinition.execute(JavaHookDefinition.java:64)
at io.cucumber.core.runner.CoreHookDefinition.execute(CoreHookDefinition.java:46)
at io.cucumber.core.runner.HookDefinitionMatch.runStep(HookDefinitionMatch.java:21)
at io.cucumber.core.runner.ExecutionMode$1.execute(ExecutionMode.java:10)
at io.cucumber.core.runner.TestStep.executeStep(TestStep.java:84)
at io.cucumber.core.runner.TestStep.run(TestStep.java:56)
at io.cucumber.core.runner.TestCase.run(TestCase.java:78)
at io.cucumber.core.runner.Runner.runPickle(Runner.java:75)
at io.cucumber.testng.TestNGCucumberRunner.lambda$runScenario$1(TestNGCucumberRunner.java:132)
at io.cucumber.core.runtime.CucumberExecutionContext.lambda$runTestCase$5(CucumberExecutionContext.java:137)
at io.cucumber.core.runtime.RethrowingThrowableCollector.executeAndThrow(RethrowingThrowableCollector.java:23)
at io.cucumber.core.runtime.CucumberExecutionContext.runTestCase(CucumberExecutionContext.java:137)
at io.cucumber.testng.TestNGCucumberRunner.runScenario(TestNGCucumberRunner.java:129)
at io.cucumber.testng.AbstractTestNGCucumberTests.runScenario(AbstractTestNGCucumberTests.java:35)
at java.base/jdk.internal.reflect.NativeMethodAccessorImpl.invoke0(Native Method)
at java.base/jdk.internal.reflect.NativeMethodAccessorImpl.invoke(NativeMethodAccessorImpl.java:77)
at java.base/jdk.internal.reflect.DelegatingMethodAccessorImpl.invoke(DelegatingMethodAccessorImpl.java:43)
at java.base/java.lang.reflect.Method.invoke(Method.java:568)
at org.testng.internal.invokers.MethodInvocationHelper.invokeMethod(MethodInvocationHelper.java:139)
at org.testng.internal.invokers.TestInvoker.invokeMethod(TestInvoker.java:664)
at org.testng.internal.invokers.TestInvoker.invokeTestMethod(TestInvoker.java:227)
at org.testng.internal.invokers.TestMethodWithDataProviderMethodWorker.call(TestMethodWithDataProviderMethodWorker.java:80)
at org.testng.internal.invokers.TestMethodWithDataProviderMethodWorker.call(TestMethodWithDataProviderMethodWorker.java:17)
at java.base/java.util.concurrent.FutureTask.run(FutureTask.java:264)
at java.base/java.util.concurrent.Executors$RunnableAdapter.call(Executors.java:539)
at java.base/java.util.concurrent.FutureTask.run(FutureTask.java:264)
at java.base/java.util.concurrent.ThreadPoolExecutor.runWorker(ThreadPoolExecutor.java:1136)
at java.base/java.util.concurrent.ThreadPoolExecutor$Worker.run(ThreadPoolExecutor.java:635)
at java.base/java.lang.Thread.run(Thread.java:833)
Caused by: java.net.ConnectException: Connection refused: no further information
at java.base/sun.nio.ch.Net.pollConnect(Native Method)
at java.base/sun.nio.ch.Net.pollConnectNow(Net.java:672)
at java.base/sun.nio.ch.NioSocketImpl.timedFinishConnect(NioSocketImpl.java:542)
at java.base/sun.nio.ch.NioSocketImpl.connect(NioSocketImpl.java:597)
at java.base/java.net.SocksSocketImpl.connect(SocksSocketImpl.java:327)
at java.base/java.net.Socket.connect(Socket.java:633)
at okhttp3.internal.platform.Platform.connectSocket(Platform.java:129)
at okhttp3.internal.connection.RealConnection.connectSocket(RealConnection.java:245)
... 65 more
]]>
            </full-stacktrace>
          </exception> <!-- org.openqa.selenium.WebDriverException -->
          <reporter-output>
          </reporter-output>
        </test-method> <!-- runScenario -->
        <test-method signature="runScenario(io.cucumber.testng.PickleWrapper,io.cucumber.testng.FeatureWrapper)[pri:0, instance:testRunner.MyTestRunner@26df6e3a]" started-at="2023-09-05T08:23:49 EDT" name="runScenario" description="Runs Cucumber Scenarios" data-provider="scenarios" finished-at="2023-09-05T08:24:13 EDT" duration-ms="23475" status="FAIL">
          <params>
            <param index="0">
              <value>
                <![CDATA["The user is able to navigate to Applications of Array page"]]>
              </value>
            </param>
            <param index="1">
              <value>
                <![CDATA["Array Page"]]>
              </value>
            </param>
          </params>
          <exception class="org.openqa.selenium.WebDriverException">
            <message>
              <![CDATA[java.net.ConnectException: Failed to connect to localhost/[0:0:0:0:0:0:0:1]:29344
Build info: version: '3.141.59', revision: 'e82be7d358', time: '2018-11-14T08:17:03'
System info: host: 'LAPTOP-EGII9MOL', ip: '192.168.1.32', os.name: 'Windows 11', os.arch: 'amd64', os.version: '10.0', java.version: '17.0.8'
Driver info: driver.version: FirefoxDriver]]>
            </message>
            <full-stacktrace>
              <![CDATA[org.openqa.selenium.WebDriverException: java.net.ConnectException: Failed to connect to localhost/[0:0:0:0:0:0:0:1]:29344
Build info: version: '3.141.59', revision: 'e82be7d358', time: '2018-11-14T08:17:03'
System info: host: 'LAPTOP-EGII9MOL', ip: '192.168.1.32', os.name: 'Windows 11', os.arch: 'amd64', os.version: '10.0', java.version: '17.0.8'
Driver info: driver.version: FirefoxDriver
at org.openqa.selenium.remote.service.DriverCommandExecutor.execute(DriverCommandExecutor.java:92)
at org.openqa.selenium.remote.RemoteWebDriver.execute(RemoteWebDriver.java:552)
at org.openqa.selenium.remote.RemoteWebDriver.startSession(RemoteWebDriver.java:213)
at org.openqa.selenium.remote.RemoteWebDriver.<init>(RemoteWebDriver.java:131)
at org.openqa.selenium.firefox.FirefoxDriver.<init>(FirefoxDriver.java:147)
at org.openqa.selenium.firefox.FirefoxDriver.<init>(FirefoxDriver.java:125)
at driver.Driverfactory.init_driver(Driverfactory.java:39)
at appHooks.AppHooks.launchBrowser(AppHooks.java:37)
Caused by: java.net.ConnectException: Failed to connect to localhost/[0:0:0:0:0:0:0:1]:29344
at okhttp3.internal.connection.RealConnection.connectSocket(RealConnection.java:247)
at okhttp3.internal.connection.RealConnection.connect(RealConnection.java:165)
at okhttp3.internal.connection.StreamAllocation.findConnection(StreamAllocation.java:257)
at okhttp3.internal.connection.StreamAllocation.findHealthyConnection(StreamAllocation.java:135)
at okhttp3.internal.connection.StreamAllocation.newStream(StreamAllocation.java:114)
at okhttp3.internal.connection.ConnectInterceptor.intercept(ConnectInterceptor.java:42)
at okhttp3.internal.http.RealInterceptorChain.proceed(RealInterceptorChain.java:147)
at okhttp3.internal.http.RealInterceptorChain.proceed(RealInterceptorChain.java:121)
at okhttp3.internal.cache.CacheInterceptor.intercept(CacheInterceptor.java:93)
at okhttp3.internal.http.RealInterceptorChain.proceed(RealInterceptorChain.java:147)
at okhttp3.internal.http.RealInterceptorChain.proceed(RealInterceptorChain.java:121)
at okhttp3.internal.http.BridgeInterceptor.intercept(BridgeInterceptor.java:93)
at okhttp3.internal.http.RealInterceptorChain.proceed(RealInterceptorChain.java:147)
at okhttp3.internal.http.RetryAndFollowUpInterceptor.intercept(RetryAndFollowUpInterceptor.java:126)
at okhttp3.internal.http.RealInterceptorChain.proceed(RealInterceptorChain.java:147)
at okhttp3.internal.http.RealInterceptorChain.proceed(RealInterceptorChain.java:121)
at okhttp3.RealCall.getResponseWithInterceptorChain(RealCall.java:200)
at okhttp3.RealCall.execute(RealCall.java:77)
at org.openqa.selenium.remote.internal.OkHttpClient.execute(OkHttpClient.java:103)
at org.openqa.selenium.remote.ProtocolHandshake.createSession(ProtocolHandshake.java:105)
at org.openqa.selenium.remote.ProtocolHandshake.createSession(ProtocolHandshake.java:74)
at org.openqa.selenium.remote.HttpCommandExecutor.execute(HttpCommandExecutor.java:136)
at org.openqa.selenium.remote.service.DriverCommandExecutor.execute(DriverCommandExecutor.java:83)
at org.openqa.selenium.remote.RemoteWebDriver.execute(RemoteWebDriver.java:552)
at org.openqa.selenium.remote.RemoteWebDriver.startSession(RemoteWebDriver.java:213)
at org.openqa.selenium.remote.RemoteWebDriver.<init>(RemoteWebDriver.java:131)
at org.openqa.selenium.firefox.FirefoxDriver.<init>(FirefoxDriver.java:147)
at org.openqa.selenium.firefox.FirefoxDriver.<init>(FirefoxDriver.java:125)
at driver.Driverfactory.init_driver(Driverfactory.java:39)
at appHooks.AppHooks.launchBrowser(AppHooks.java:37)
at java.base/jdk.internal.reflect.NativeMethodAccessorImpl.invoke0(Native Method)
at java.base/jdk.internal.reflect.NativeMethodAccessorImpl.invoke(NativeMethodAccessorImpl.java:77)
at java.base/jdk.internal.reflect.DelegatingMethodAccessorImpl.invoke(DelegatingMethodAccessorImpl.java:43)
at java.base/java.lang.reflect.Method.invoke(Method.java:568)
at io.cucumber.java.Invoker.doInvoke(Invoker.java:66)
at io.cucumber.java.Invoker.invoke(Invoker.java:24)
at io.cucumber.java.AbstractGlueDefinition.invokeMethod(AbstractGlueDefinition.java:47)
at io.cucumber.java.JavaHookDefinition.execute(JavaHookDefinition.java:64)
at io.cucumber.core.runner.CoreHookDefinition.execute(CoreHookDefinition.java:46)
at io.cucumber.core.runner.HookDefinitionMatch.runStep(HookDefinitionMatch.java:21)
at io.cucumber.core.runner.ExecutionMode$1.execute(ExecutionMode.java:10)
at io.cucumber.core.runner.TestStep.executeStep(TestStep.java:84)
at io.cucumber.core.runner.TestStep.run(TestStep.java:56)
at io.cucumber.core.runner.TestCase.run(TestCase.java:78)
at io.cucumber.core.runner.Runner.runPickle(Runner.java:75)
at io.cucumber.testng.TestNGCucumberRunner.lambda$runScenario$1(TestNGCucumberRunner.java:132)
at io.cucumber.core.runtime.CucumberExecutionContext.lambda$runTestCase$5(CucumberExecutionContext.java:137)
at io.cucumber.core.runtime.RethrowingThrowableCollector.executeAndThrow(RethrowingThrowableCollector.java:23)
at io.cucumber.core.runtime.CucumberExecutionContext.runTestCase(CucumberExecutionContext.java:137)
at io.cucumber.testng.TestNGCucumberRunner.runScenario(TestNGCucumberRunner.java:129)
at io.cucumber.testng.AbstractTestNGCucumberTests.runScenario(AbstractTestNGCucumberTests.java:35)
at java.base/jdk.internal.reflect.NativeMethodAccessorImpl.invoke0(Native Method)
at java.base/jdk.internal.reflect.NativeMethodAccessorImpl.invoke(NativeMethodAccessorImpl.java:77)
at java.base/jdk.internal.reflect.DelegatingMethodAccessorImpl.invoke(DelegatingMethodAccessorImpl.java:43)
at java.base/java.lang.reflect.Method.invoke(Method.java:568)
at org.testng.internal.invokers.MethodInvocationHelper.invokeMethod(MethodInvocationHelper.java:139)
at org.testng.internal.invokers.TestInvoker.invokeMethod(TestInvoker.java:664)
at org.testng.internal.invokers.TestInvoker.invokeTestMethod(TestInvoker.java:227)
at org.testng.internal.invokers.TestMethodWithDataProviderMethodWorker.call(TestMethodWithDataProviderMethodWorker.java:80)
at org.testng.internal.invokers.TestMethodWithDataProviderMethodWorker.call(TestMethodWithDataProviderMethodWorker.java:17)
at java.base/java.util.concurrent.FutureTask.run(FutureTask.java:264)
at java.base/java.util.concurrent.Executors$RunnableAdapter.call(Executors.java:539)
at java.base/java.util.concurrent.FutureTask.run(FutureTask.java:264)
at java.base/java.util.concurrent.ThreadPoolExecutor.runWorker(ThreadPoolExecutor.java:1136)
at java.base/java.util.concurrent.ThreadPoolExecutor$Worker.run(ThreadPoolExecutor.java:635)
at java.base/java.lang.Thread.run(Thread.java:833)
Caused by: java.net.ConnectException: Connection refused: no further information
at java.base/sun.nio.ch.Net.pollConnect(Native Method)
at java.base/sun.nio.ch.Net.pollConnectNow(Net.java:672)
at java.base/sun.nio.ch.NioSocketImpl.timedFinishConnect(NioSocketImpl.java:542)
at java.base/sun.nio.ch.NioSocketImpl.connect(NioSocketImpl.java:597)
at java.base/java.net.SocksSocketImpl.connect(SocksSocketImpl.java:327)
at java.base/java.net.Socket.connect(Socket.java:633)
at okhttp3.internal.platform.Platform.connectSocket(Platform.java:129)
at okhttp3.internal.connection.RealConnection.connectSocket(RealConnection.java:245)
... 65 more
]]>
            </full-stacktrace>
          </exception> <!-- org.openqa.selenium.WebDriverException -->
          <reporter-output>
          </reporter-output>
        </test-method> <!-- runScenario -->
        <test-method signature="runScenario(io.cucumber.testng.PickleWrapper,io.cucumber.testng.FeatureWrapper)[pri:0, instance:testRunner.MyTestRunner@26df6e3a]" started-at="2023-09-05T08:23:49 EDT" name="runScenario" description="Runs Cucumber Scenarios" data-provider="scenarios" finished-at="2023-09-05T08:24:13 EDT" duration-ms="23437" status="FAIL">
          <params>
            <param index="0">
              <value>
                <![CDATA["The user is presented with error message for code with invalid syntax in tryEditor for Arrays in Python page"]]>
              </value>
            </param>
            <param index="1">
              <value>
                <![CDATA["Array Page"]]>
              </value>
            </param>
          </params>
          <exception class="org.openqa.selenium.WebDriverException">
            <message>
              <![CDATA[java.net.ConnectException: Failed to connect to localhost/[0:0:0:0:0:0:0:1]:62997
Build info: version: '3.141.59', revision: 'e82be7d358', time: '2018-11-14T08:17:03'
System info: host: 'LAPTOP-EGII9MOL', ip: '192.168.1.32', os.name: 'Windows 11', os.arch: 'amd64', os.version: '10.0', java.version: '17.0.8'
Driver info: driver.version: FirefoxDriver]]>
            </message>
            <full-stacktrace>
              <![CDATA[org.openqa.selenium.WebDriverException: java.net.ConnectException: Failed to connect to localhost/[0:0:0:0:0:0:0:1]:62997
Build info: version: '3.141.59', revision: 'e82be7d358', time: '2018-11-14T08:17:03'
System info: host: 'LAPTOP-EGII9MOL', ip: '192.168.1.32', os.name: 'Windows 11', os.arch: 'amd64', os.version: '10.0', java.version: '17.0.8'
Driver info: driver.version: FirefoxDriver
at org.openqa.selenium.remote.service.DriverCommandExecutor.execute(DriverCommandExecutor.java:92)
at org.openqa.selenium.remote.RemoteWebDriver.execute(RemoteWebDriver.java:552)
at org.openqa.selenium.remote.RemoteWebDriver.startSession(RemoteWebDriver.java:213)
at org.openqa.selenium.remote.RemoteWebDriver.<init>(RemoteWebDriver.java:131)
at org.openqa.selenium.firefox.FirefoxDriver.<init>(FirefoxDriver.java:147)
at org.openqa.selenium.firefox.FirefoxDriver.<init>(FirefoxDriver.java:125)
at driver.Driverfactory.init_driver(Driverfactory.java:39)
at appHooks.AppHooks.launchBrowser(AppHooks.java:37)
Caused by: java.net.ConnectException: Failed to connect to localhost/[0:0:0:0:0:0:0:1]:62997
at okhttp3.internal.connection.RealConnection.connectSocket(RealConnection.java:247)
at okhttp3.internal.connection.RealConnection.connect(RealConnection.java:165)
at okhttp3.internal.connection.StreamAllocation.findConnection(StreamAllocation.java:257)
at okhttp3.internal.connection.StreamAllocation.findHealthyConnection(StreamAllocation.java:135)
at okhttp3.internal.connection.StreamAllocation.newStream(StreamAllocation.java:114)
at okhttp3.internal.connection.ConnectInterceptor.intercept(ConnectInterceptor.java:42)
at okhttp3.internal.http.RealInterceptorChain.proceed(RealInterceptorChain.java:147)
at okhttp3.internal.http.RealInterceptorChain.proceed(RealInterceptorChain.java:121)
at okhttp3.internal.cache.CacheInterceptor.intercept(CacheInterceptor.java:93)
at okhttp3.internal.http.RealInterceptorChain.proceed(RealInterceptorChain.java:147)
at okhttp3.internal.http.RealInterceptorChain.proceed(RealInterceptorChain.java:121)
at okhttp3.internal.http.BridgeInterceptor.intercept(BridgeInterceptor.java:93)
at okhttp3.internal.http.RealInterceptorChain.proceed(RealInterceptorChain.java:147)
at okhttp3.internal.http.RetryAndFollowUpInterceptor.intercept(RetryAndFollowUpInterceptor.java:126)
at okhttp3.internal.http.RealInterceptorChain.proceed(RealInterceptorChain.java:147)
at okhttp3.internal.http.RealInterceptorChain.proceed(RealInterceptorChain.java:121)
at okhttp3.RealCall.getResponseWithInterceptorChain(RealCall.java:200)
at okhttp3.RealCall.execute(RealCall.java:77)
at org.openqa.selenium.remote.internal.OkHttpClient.execute(OkHttpClient.java:103)
at org.openqa.selenium.remote.ProtocolHandshake.createSession(ProtocolHandshake.java:105)
at org.openqa.selenium.remote.ProtocolHandshake.createSession(ProtocolHandshake.java:74)
at org.openqa.selenium.remote.HttpCommandExecutor.execute(HttpCommandExecutor.java:136)
at org.openqa.selenium.remote.service.DriverCommandExecutor.execute(DriverCommandExecutor.java:83)
at org.openqa.selenium.remote.RemoteWebDriver.execute(RemoteWebDriver.java:552)
at org.openqa.selenium.remote.RemoteWebDriver.startSession(RemoteWebDriver.java:213)
at org.openqa.selenium.remote.RemoteWebDriver.<init>(RemoteWebDriver.java:131)
at org.openqa.selenium.firefox.FirefoxDriver.<init>(FirefoxDriver.java:147)
at org.openqa.selenium.firefox.FirefoxDriver.<init>(FirefoxDriver.java:125)
at driver.Driverfactory.init_driver(Driverfactory.java:39)
at appHooks.AppHooks.launchBrowser(AppHooks.java:37)
at java.base/jdk.internal.reflect.NativeMethodAccessorImpl.invoke0(Native Method)
at java.base/jdk.internal.reflect.NativeMethodAccessorImpl.invoke(NativeMethodAccessorImpl.java:77)
at java.base/jdk.internal.reflect.DelegatingMethodAccessorImpl.invoke(DelegatingMethodAccessorImpl.java:43)
at java.base/java.lang.reflect.Method.invoke(Method.java:568)
at io.cucumber.java.Invoker.doInvoke(Invoker.java:66)
at io.cucumber.java.Invoker.invoke(Invoker.java:24)
at io.cucumber.java.AbstractGlueDefinition.invokeMethod(AbstractGlueDefinition.java:47)
at io.cucumber.java.JavaHookDefinition.execute(JavaHookDefinition.java:64)
at io.cucumber.core.runner.CoreHookDefinition.execute(CoreHookDefinition.java:46)
at io.cucumber.core.runner.HookDefinitionMatch.runStep(HookDefinitionMatch.java:21)
at io.cucumber.core.runner.ExecutionMode$1.execute(ExecutionMode.java:10)
at io.cucumber.core.runner.TestStep.executeStep(TestStep.java:84)
at io.cucumber.core.runner.TestStep.run(TestStep.java:56)
at io.cucumber.core.runner.TestCase.run(TestCase.java:78)
at io.cucumber.core.runner.Runner.runPickle(Runner.java:75)
at io.cucumber.testng.TestNGCucumberRunner.lambda$runScenario$1(TestNGCucumberRunner.java:132)
at io.cucumber.core.runtime.CucumberExecutionContext.lambda$runTestCase$5(CucumberExecutionContext.java:137)
at io.cucumber.core.runtime.RethrowingThrowableCollector.executeAndThrow(RethrowingThrowableCollector.java:23)
at io.cucumber.core.runtime.CucumberExecutionContext.runTestCase(CucumberExecutionContext.java:137)
at io.cucumber.testng.TestNGCucumberRunner.runScenario(TestNGCucumberRunner.java:129)
at io.cucumber.testng.AbstractTestNGCucumberTests.runScenario(AbstractTestNGCucumberTests.java:35)
at java.base/jdk.internal.reflect.NativeMethodAccessorImpl.invoke0(Native Method)
at java.base/jdk.internal.reflect.NativeMethodAccessorImpl.invoke(NativeMethodAccessorImpl.java:77)
at java.base/jdk.internal.reflect.DelegatingMethodAccessorImpl.invoke(DelegatingMethodAccessorImpl.java:43)
at java.base/java.lang.reflect.Method.invoke(Method.java:568)
at org.testng.internal.invokers.MethodInvocationHelper.invokeMethod(MethodInvocationHelper.java:139)
at org.testng.internal.invokers.TestInvoker.invokeMethod(TestInvoker.java:664)
at org.testng.internal.invokers.TestInvoker.invokeTestMethod(TestInvoker.java:227)
at org.testng.internal.invokers.TestMethodWithDataProviderMethodWorker.call(TestMethodWithDataProviderMethodWorker.java:80)
at org.testng.internal.invokers.TestMethodWithDataProviderMethodWorker.call(TestMethodWithDataProviderMethodWorker.java:17)
at java.base/java.util.concurrent.FutureTask.run(FutureTask.java:264)
at java.base/java.util.concurrent.Executors$RunnableAdapter.call(Executors.java:539)
at java.base/java.util.concurrent.FutureTask.run(FutureTask.java:264)
at java.base/java.util.concurrent.ThreadPoolExecutor.runWorker(ThreadPoolExecutor.java:1136)
at java.base/java.util.concurrent.ThreadPoolExecutor$Worker.run(ThreadPoolExecutor.java:635)
at java.base/java.lang.Thread.run(Thread.java:833)
Caused by: java.net.ConnectException: Connection refused: no further information
at java.base/sun.nio.ch.Net.pollConnect(Native Method)
at java.base/sun.nio.ch.Net.pollConnectNow(Net.java:672)
at java.base/sun.nio.ch.NioSocketImpl.timedFinishConnect(NioSocketImpl.java:542)
at java.base/sun.nio.ch.NioSocketImpl.connect(NioSocketImpl.java:597)
at java.base/java.net.SocksSocketImpl.connect(SocksSocketImpl.java:327)
at java.base/java.net.Socket.connect(Socket.java:633)
at okhttp3.internal.platform.Platform.connectSocket(Platform.java:129)
at okhttp3.internal.connection.RealConnection.connectSocket(RealConnection.java:245)
... 65 more
]]>
            </full-stacktrace>
          </exception> <!-- org.openqa.selenium.WebDriverException -->
          <reporter-output>
          </reporter-output>
        </test-method> <!-- runScenario -->
        <test-method signature="runScenario(io.cucumber.testng.PickleWrapper,io.cucumber.testng.FeatureWrapper)[pri:0, instance:testRunner.MyTestRunner@26df6e3a]" started-at="2023-09-05T08:23:49 EDT" name="runScenario" description="Runs Cucumber Scenarios" data-provider="scenarios" finished-at="2023-09-05T08:24:13 EDT" duration-ms="23642" status="FAIL">
          <params>
            <param index="0">
              <value>
                <![CDATA["The user is able to navigate to Practice page"]]>
              </value>
            </param>
            <param index="1">
              <value>
                <![CDATA["Array Page"]]>
              </value>
            </param>
          </params>
          <exception class="org.openqa.selenium.WebDriverException">
            <message>
              <![CDATA[java.net.ConnectException: Failed to connect to localhost/[0:0:0:0:0:0:0:1]:45768
Build info: version: '3.141.59', revision: 'e82be7d358', time: '2018-11-14T08:17:03'
System info: host: 'LAPTOP-EGII9MOL', ip: '192.168.1.32', os.name: 'Windows 11', os.arch: 'amd64', os.version: '10.0', java.version: '17.0.8'
Driver info: driver.version: FirefoxDriver]]>
            </message>
            <full-stacktrace>
              <![CDATA[org.openqa.selenium.WebDriverException: java.net.ConnectException: Failed to connect to localhost/[0:0:0:0:0:0:0:1]:45768
Build info: version: '3.141.59', revision: 'e82be7d358', time: '2018-11-14T08:17:03'
System info: host: 'LAPTOP-EGII9MOL', ip: '192.168.1.32', os.name: 'Windows 11', os.arch: 'amd64', os.version: '10.0', java.version: '17.0.8'
Driver info: driver.version: FirefoxDriver
at org.openqa.selenium.remote.service.DriverCommandExecutor.execute(DriverCommandExecutor.java:92)
at org.openqa.selenium.remote.RemoteWebDriver.execute(RemoteWebDriver.java:552)
at org.openqa.selenium.remote.RemoteWebDriver.startSession(RemoteWebDriver.java:213)
at org.openqa.selenium.remote.RemoteWebDriver.<init>(RemoteWebDriver.java:131)
at org.openqa.selenium.firefox.FirefoxDriver.<init>(FirefoxDriver.java:147)
at org.openqa.selenium.firefox.FirefoxDriver.<init>(FirefoxDriver.java:125)
at driver.Driverfactory.init_driver(Driverfactory.java:39)
at appHooks.AppHooks.launchBrowser(AppHooks.java:37)
Caused by: java.net.ConnectException: Failed to connect to localhost/[0:0:0:0:0:0:0:1]:45768
at okhttp3.internal.connection.RealConnection.connectSocket(RealConnection.java:247)
at okhttp3.internal.connection.RealConnection.connect(RealConnection.java:165)
at okhttp3.internal.connection.StreamAllocation.findConnection(StreamAllocation.java:257)
at okhttp3.internal.connection.StreamAllocation.findHealthyConnection(StreamAllocation.java:135)
at okhttp3.internal.connection.StreamAllocation.newStream(StreamAllocation.java:114)
at okhttp3.internal.connection.ConnectInterceptor.intercept(ConnectInterceptor.java:42)
at okhttp3.internal.http.RealInterceptorChain.proceed(RealInterceptorChain.java:147)
at okhttp3.internal.http.RealInterceptorChain.proceed(RealInterceptorChain.java:121)
at okhttp3.internal.cache.CacheInterceptor.intercept(CacheInterceptor.java:93)
at okhttp3.internal.http.RealInterceptorChain.proceed(RealInterceptorChain.java:147)
at okhttp3.internal.http.RealInterceptorChain.proceed(RealInterceptorChain.java:121)
at okhttp3.internal.http.BridgeInterceptor.intercept(BridgeInterceptor.java:93)
at okhttp3.internal.http.RealInterceptorChain.proceed(RealInterceptorChain.java:147)
at okhttp3.internal.http.RetryAndFollowUpInterceptor.intercept(RetryAndFollowUpInterceptor.java:126)
at okhttp3.internal.http.RealInterceptorChain.proceed(RealInterceptorChain.java:147)
at okhttp3.internal.http.RealInterceptorChain.proceed(RealInterceptorChain.java:121)
at okhttp3.RealCall.getResponseWithInterceptorChain(RealCall.java:200)
at okhttp3.RealCall.execute(RealCall.java:77)
at org.openqa.selenium.remote.internal.OkHttpClient.execute(OkHttpClient.java:103)
at org.openqa.selenium.remote.ProtocolHandshake.createSession(ProtocolHandshake.java:105)
at org.openqa.selenium.remote.ProtocolHandshake.createSession(ProtocolHandshake.java:74)
at org.openqa.selenium.remote.HttpCommandExecutor.execute(HttpCommandExecutor.java:136)
at org.openqa.selenium.remote.service.DriverCommandExecutor.execute(DriverCommandExecutor.java:83)
at org.openqa.selenium.remote.RemoteWebDriver.execute(RemoteWebDriver.java:552)
at org.openqa.selenium.remote.RemoteWebDriver.startSession(RemoteWebDriver.java:213)
at org.openqa.selenium.remote.RemoteWebDriver.<init>(RemoteWebDriver.java:131)
at org.openqa.selenium.firefox.FirefoxDriver.<init>(FirefoxDriver.java:147)
at org.openqa.selenium.firefox.FirefoxDriver.<init>(FirefoxDriver.java:125)
at driver.Driverfactory.init_driver(Driverfactory.java:39)
at appHooks.AppHooks.launchBrowser(AppHooks.java:37)
at java.base/jdk.internal.reflect.NativeMethodAccessorImpl.invoke0(Native Method)
at java.base/jdk.internal.reflect.NativeMethodAccessorImpl.invoke(NativeMethodAccessorImpl.java:77)
at java.base/jdk.internal.reflect.DelegatingMethodAccessorImpl.invoke(DelegatingMethodAccessorImpl.java:43)
at java.base/java.lang.reflect.Method.invoke(Method.java:568)
at io.cucumber.java.Invoker.doInvoke(Invoker.java:66)
at io.cucumber.java.Invoker.invoke(Invoker.java:24)
at io.cucumber.java.AbstractGlueDefinition.invokeMethod(AbstractGlueDefinition.java:47)
at io.cucumber.java.JavaHookDefinition.execute(JavaHookDefinition.java:64)
at io.cucumber.core.runner.CoreHookDefinition.execute(CoreHookDefinition.java:46)
at io.cucumber.core.runner.HookDefinitionMatch.runStep(HookDefinitionMatch.java:21)
at io.cucumber.core.runner.ExecutionMode$1.execute(ExecutionMode.java:10)
at io.cucumber.core.runner.TestStep.executeStep(TestStep.java:84)
at io.cucumber.core.runner.TestStep.run(TestStep.java:56)
at io.cucumber.core.runner.TestCase.run(TestCase.java:78)
at io.cucumber.core.runner.Runner.runPickle(Runner.java:75)
at io.cucumber.testng.TestNGCucumberRunner.lambda$runScenario$1(TestNGCucumberRunner.java:132)
at io.cucumber.core.runtime.CucumberExecutionContext.lambda$runTestCase$5(CucumberExecutionContext.java:137)
at io.cucumber.core.runtime.RethrowingThrowableCollector.executeAndThrow(RethrowingThrowableCollector.java:23)
at io.cucumber.core.runtime.CucumberExecutionContext.runTestCase(CucumberExecutionContext.java:137)
at io.cucumber.testng.TestNGCucumberRunner.runScenario(TestNGCucumberRunner.java:129)
at io.cucumber.testng.AbstractTestNGCucumberTests.runScenario(AbstractTestNGCucumberTests.java:35)
at java.base/jdk.internal.reflect.NativeMethodAccessorImpl.invoke0(Native Method)
at java.base/jdk.internal.reflect.NativeMethodAccessorImpl.invoke(NativeMethodAccessorImpl.java:77)
at java.base/jdk.internal.reflect.DelegatingMethodAccessorImpl.invoke(DelegatingMethodAccessorImpl.java:43)
at java.base/java.lang.reflect.Method.invoke(Method.java:568)
at org.testng.internal.invokers.MethodInvocationHelper.invokeMethod(MethodInvocationHelper.java:139)
at org.testng.internal.invokers.TestInvoker.invokeMethod(TestInvoker.java:664)
at org.testng.internal.invokers.TestInvoker.invokeTestMethod(TestInvoker.java:227)
at org.testng.internal.invokers.TestMethodWithDataProviderMethodWorker.call(TestMethodWithDataProviderMethodWorker.java:80)
at org.testng.internal.invokers.TestMethodWithDataProviderMethodWorker.call(TestMethodWithDataProviderMethodWorker.java:17)
at java.base/java.util.concurrent.FutureTask.run(FutureTask.java:264)
at java.base/java.util.concurrent.Executors$RunnableAdapter.call(Executors.java:539)
at java.base/java.util.concurrent.FutureTask.run(FutureTask.java:264)
at java.base/java.util.concurrent.ThreadPoolExecutor.runWorker(ThreadPoolExecutor.java:1136)
at java.base/java.util.concurrent.ThreadPoolExecutor$Worker.run(ThreadPoolExecutor.java:635)
at java.base/java.lang.Thread.run(Thread.java:833)
Caused by: java.net.ConnectException: Connection refused: no further information
at java.base/sun.nio.ch.Net.pollConnect(Native Method)
at java.base/sun.nio.ch.Net.pollConnectNow(Net.java:672)
at java.base/sun.nio.ch.NioSocketImpl.timedFinishConnect(NioSocketImpl.java:542)
at java.base/sun.nio.ch.NioSocketImpl.connect(NioSocketImpl.java:597)
at java.base/java.net.SocksSocketImpl.connect(SocksSocketImpl.java:327)
at java.base/java.net.Socket.connect(Socket.java:633)
at okhttp3.internal.platform.Platform.connectSocket(Platform.java:129)
at okhttp3.internal.connection.RealConnection.connectSocket(RealConnection.java:245)
... 65 more
]]>
            </full-stacktrace>
          </exception> <!-- org.openqa.selenium.WebDriverException -->
          <reporter-output>
          </reporter-output>
        </test-method> <!-- runScenario -->
        <test-method signature="runScenario(io.cucumber.testng.PickleWrapper,io.cucumber.testng.FeatureWrapper)[pri:0, instance:testRunner.MyTestRunner@26df6e3a]" started-at="2023-09-05T08:23:49 EDT" name="runScenario" description="Runs Cucumber Scenarios" data-provider="scenarios" finished-at="2023-09-05T08:24:13 EDT" duration-ms="23418" status="FAIL">
          <params>
            <param index="0">
              <value>
                <![CDATA["The user is able to navigate to Basic Operations in Lists page"]]>
              </value>
            </param>
            <param index="1">
              <value>
                <![CDATA["Array Page"]]>
              </value>
            </param>
          </params>
          <exception class="org.openqa.selenium.WebDriverException">
            <message>
              <![CDATA[java.net.ConnectException: Failed to connect to localhost/[0:0:0:0:0:0:0:1]:47252
Build info: version: '3.141.59', revision: 'e82be7d358', time: '2018-11-14T08:17:03'
System info: host: 'LAPTOP-EGII9MOL', ip: '192.168.1.32', os.name: 'Windows 11', os.arch: 'amd64', os.version: '10.0', java.version: '17.0.8'
Driver info: driver.version: FirefoxDriver]]>
            </message>
            <full-stacktrace>
              <![CDATA[org.openqa.selenium.WebDriverException: java.net.ConnectException: Failed to connect to localhost/[0:0:0:0:0:0:0:1]:47252
Build info: version: '3.141.59', revision: 'e82be7d358', time: '2018-11-14T08:17:03'
System info: host: 'LAPTOP-EGII9MOL', ip: '192.168.1.32', os.name: 'Windows 11', os.arch: 'amd64', os.version: '10.0', java.version: '17.0.8'
Driver info: driver.version: FirefoxDriver
at org.openqa.selenium.remote.service.DriverCommandExecutor.execute(DriverCommandExecutor.java:92)
at org.openqa.selenium.remote.RemoteWebDriver.execute(RemoteWebDriver.java:552)
at org.openqa.selenium.remote.RemoteWebDriver.startSession(RemoteWebDriver.java:213)
at org.openqa.selenium.remote.RemoteWebDriver.<init>(RemoteWebDriver.java:131)
at org.openqa.selenium.firefox.FirefoxDriver.<init>(FirefoxDriver.java:147)
at org.openqa.selenium.firefox.FirefoxDriver.<init>(FirefoxDriver.java:125)
at driver.Driverfactory.init_driver(Driverfactory.java:39)
at appHooks.AppHooks.launchBrowser(AppHooks.java:37)
Caused by: java.net.ConnectException: Failed to connect to localhost/[0:0:0:0:0:0:0:1]:47252
at okhttp3.internal.connection.RealConnection.connectSocket(RealConnection.java:247)
at okhttp3.internal.connection.RealConnection.connect(RealConnection.java:165)
at okhttp3.internal.connection.StreamAllocation.findConnection(StreamAllocation.java:257)
at okhttp3.internal.connection.StreamAllocation.findHealthyConnection(StreamAllocation.java:135)
at okhttp3.internal.connection.StreamAllocation.newStream(StreamAllocation.java:114)
at okhttp3.internal.connection.ConnectInterceptor.intercept(ConnectInterceptor.java:42)
at okhttp3.internal.http.RealInterceptorChain.proceed(RealInterceptorChain.java:147)
at okhttp3.internal.http.RealInterceptorChain.proceed(RealInterceptorChain.java:121)
at okhttp3.internal.cache.CacheInterceptor.intercept(CacheInterceptor.java:93)
at okhttp3.internal.http.RealInterceptorChain.proceed(RealInterceptorChain.java:147)
at okhttp3.internal.http.RealInterceptorChain.proceed(RealInterceptorChain.java:121)
at okhttp3.internal.http.BridgeInterceptor.intercept(BridgeInterceptor.java:93)
at okhttp3.internal.http.RealInterceptorChain.proceed(RealInterceptorChain.java:147)
at okhttp3.internal.http.RetryAndFollowUpInterceptor.intercept(RetryAndFollowUpInterceptor.java:126)
at okhttp3.internal.http.RealInterceptorChain.proceed(RealInterceptorChain.java:147)
at okhttp3.internal.http.RealInterceptorChain.proceed(RealInterceptorChain.java:121)
at okhttp3.RealCall.getResponseWithInterceptorChain(RealCall.java:200)
at okhttp3.RealCall.execute(RealCall.java:77)
at org.openqa.selenium.remote.internal.OkHttpClient.execute(OkHttpClient.java:103)
at org.openqa.selenium.remote.ProtocolHandshake.createSession(ProtocolHandshake.java:105)
at org.openqa.selenium.remote.ProtocolHandshake.createSession(ProtocolHandshake.java:74)
at org.openqa.selenium.remote.HttpCommandExecutor.execute(HttpCommandExecutor.java:136)
at org.openqa.selenium.remote.service.DriverCommandExecutor.execute(DriverCommandExecutor.java:83)
at org.openqa.selenium.remote.RemoteWebDriver.execute(RemoteWebDriver.java:552)
at org.openqa.selenium.remote.RemoteWebDriver.startSession(RemoteWebDriver.java:213)
at org.openqa.selenium.remote.RemoteWebDriver.<init>(RemoteWebDriver.java:131)
at org.openqa.selenium.firefox.FirefoxDriver.<init>(FirefoxDriver.java:147)
at org.openqa.selenium.firefox.FirefoxDriver.<init>(FirefoxDriver.java:125)
at driver.Driverfactory.init_driver(Driverfactory.java:39)
at appHooks.AppHooks.launchBrowser(AppHooks.java:37)
at java.base/jdk.internal.reflect.NativeMethodAccessorImpl.invoke0(Native Method)
at java.base/jdk.internal.reflect.NativeMethodAccessorImpl.invoke(NativeMethodAccessorImpl.java:77)
at java.base/jdk.internal.reflect.DelegatingMethodAccessorImpl.invoke(DelegatingMethodAccessorImpl.java:43)
at java.base/java.lang.reflect.Method.invoke(Method.java:568)
at io.cucumber.java.Invoker.doInvoke(Invoker.java:66)
at io.cucumber.java.Invoker.invoke(Invoker.java:24)
at io.cucumber.java.AbstractGlueDefinition.invokeMethod(AbstractGlueDefinition.java:47)
at io.cucumber.java.JavaHookDefinition.execute(JavaHookDefinition.java:64)
at io.cucumber.core.runner.CoreHookDefinition.execute(CoreHookDefinition.java:46)
at io.cucumber.core.runner.HookDefinitionMatch.runStep(HookDefinitionMatch.java:21)
at io.cucumber.core.runner.ExecutionMode$1.execute(ExecutionMode.java:10)
at io.cucumber.core.runner.TestStep.executeStep(TestStep.java:84)
at io.cucumber.core.runner.TestStep.run(TestStep.java:56)
at io.cucumber.core.runner.TestCase.run(TestCase.java:78)
at io.cucumber.core.runner.Runner.runPickle(Runner.java:75)
at io.cucumber.testng.TestNGCucumberRunner.lambda$runScenario$1(TestNGCucumberRunner.java:132)
at io.cucumber.core.runtime.CucumberExecutionContext.lambda$runTestCase$5(CucumberExecutionContext.java:137)
at io.cucumber.core.runtime.RethrowingThrowableCollector.executeAndThrow(RethrowingThrowableCollector.java:23)
at io.cucumber.core.runtime.CucumberExecutionContext.runTestCase(CucumberExecutionContext.java:137)
at io.cucumber.testng.TestNGCucumberRunner.runScenario(TestNGCucumberRunner.java:129)
at io.cucumber.testng.AbstractTestNGCucumberTests.runScenario(AbstractTestNGCucumberTests.java:35)
at java.base/jdk.internal.reflect.NativeMethodAccessorImpl.invoke0(Native Method)
at java.base/jdk.internal.reflect.NativeMethodAccessorImpl.invoke(NativeMethodAccessorImpl.java:77)
at java.base/jdk.internal.reflect.DelegatingMethodAccessorImpl.invoke(DelegatingMethodAccessorImpl.java:43)
at java.base/java.lang.reflect.Method.invoke(Method.java:568)
at org.testng.internal.invokers.MethodInvocationHelper.invokeMethod(MethodInvocationHelper.java:139)
at org.testng.internal.invokers.TestInvoker.invokeMethod(TestInvoker.java:664)
at org.testng.internal.invokers.TestInvoker.invokeTestMethod(TestInvoker.java:227)
at org.testng.internal.invokers.TestMethodWithDataProviderMethodWorker.call(TestMethodWithDataProviderMethodWorker.java:80)
at org.testng.internal.invokers.TestMethodWithDataProviderMethodWorker.call(TestMethodWithDataProviderMethodWorker.java:17)
at java.base/java.util.concurrent.FutureTask.run(FutureTask.java:264)
at java.base/java.util.concurrent.Executors$RunnableAdapter.call(Executors.java:539)
at java.base/java.util.concurrent.FutureTask.run(FutureTask.java:264)
at java.base/java.util.concurrent.ThreadPoolExecutor.runWorker(ThreadPoolExecutor.java:1136)
at java.base/java.util.concurrent.ThreadPoolExecutor$Worker.run(ThreadPoolExecutor.java:635)
at java.base/java.lang.Thread.run(Thread.java:833)
Caused by: java.net.ConnectException: Connection refused: no further information
at java.base/sun.nio.ch.Net.pollConnect(Native Method)
at java.base/sun.nio.ch.Net.pollConnectNow(Net.java:672)
at java.base/sun.nio.ch.NioSocketImpl.timedFinishConnect(NioSocketImpl.java:542)
at java.base/sun.nio.ch.NioSocketImpl.connect(NioSocketImpl.java:597)
at java.base/java.net.SocksSocketImpl.connect(SocksSocketImpl.java:327)
at java.base/java.net.Socket.connect(Socket.java:633)
at okhttp3.internal.platform.Platform.connectSocket(Platform.java:129)
at okhttp3.internal.connection.RealConnection.connectSocket(RealConnection.java:245)
... 65 more
]]>
            </full-stacktrace>
          </exception> <!-- org.openqa.selenium.WebDriverException -->
          <reporter-output>
          </reporter-output>
        </test-method> <!-- runScenario -->
        <test-method signature="runScenario(io.cucumber.testng.PickleWrapper,io.cucumber.testng.FeatureWrapper)[pri:0, instance:testRunner.MyTestRunner@26df6e3a]" started-at="2023-09-05T08:23:49 EDT" name="runScenario" description="Runs Cucumber Scenarios" data-provider="scenarios" finished-at="2023-09-05T08:24:13 EDT" duration-ms="23493" status="FAIL">
[...]
          <params>
            <param index="0">
              <value>
                <![CDATA["The user is able to navigate to Binary Trees link page"]]>
              </value>
            </param>
            <param index="1">
              <value>
                <![CDATA["Tree Page"]]>
              </value>
            </param>
          </params>
          <reporter-output>
          </reporter-output>
        </test-method> <!-- runScenario -->
        <test-method signature="runScenario(io.cucumber.testng.PickleWrapper,io.cucumber.testng.FeatureWrapper)[pri:0, instance:testRunner.MyTestRunner@26df6e3a]" started-at="2023-09-05T08:28:57 EDT" name="runScenario" description="Runs Cucumber Scenarios" data-provider="scenarios" finished-at="2023-09-05T08:30:15 EDT" duration-ms="78368" status="PASS">
          <params>
            <param index="0">
              <value>
                <![CDATA["The user is presented with error message for code with invalid syntax in tryEditor for Binary Trees page"]]>
              </value>
            </param>
            <param index="1">
              <value>
                <![CDATA["Tree Page"]]>
              </value>
            </param>
          </params>
          <reporter-output>
          </reporter-output>
        </test-method> <!-- runScenario -->
        <test-method signature="runScenario(io.cucumber.testng.PickleWrapper,io.cucumber.testng.FeatureWrapper)[pri:0, instance:testRunner.MyTestRunner@26df6e3a]" started-at="2023-09-05T08:28:58 EDT" name="runScenario" description="Runs Cucumber Scenarios" data-provider="scenarios" finished-at="2023-09-05T08:29:58 EDT" duration-ms="59804" status="PASS">
          <params>
            <param index="0">
              <value>
                <![CDATA["The user is able to navigate to Types of Binary Trees link page"]]>
              </value>
            </param>
            <param index="1">
              <value>
                <![CDATA["Tree Page"]]>
              </value>
            </param>
          </params>
          <reporter-output>
          </reporter-output>
        </test-method> <!-- runScenario -->
        <test-method signature="runScenario(io.cucumber.testng.PickleWrapper,io.cucumber.testng.FeatureWrapper)[pri:0, instance:testRunner.MyTestRunner@26df6e3a]" started-at="2023-09-05T08:28:59 EDT" name="runScenario" description="Runs Cucumber Scenarios" data-provider="scenarios" finished-at="2023-09-05T08:30:22 EDT" duration-ms="82867" status="PASS">
          <params>
            <param index="0">
              <value>
                <![CDATA["The user is presented with error message for code with invalid syntax in tryEditor for Types of Binary Trees page"]]>
              </value>
            </param>
            <param index="1">
              <value>
                <![CDATA["Tree Page"]]>
              </value>
            </param>
          </params>
          <reporter-output>
          </reporter-output>
        </test-method> <!-- runScenario -->
        <test-method signature="runScenario(io.cucumber.testng.PickleWrapper,io.cucumber.testng.FeatureWrapper)[pri:0, instance:testRunner.MyTestRunner@26df6e3a]" started-at="2023-09-05T08:29:08 EDT" name="runScenario" description="Runs Cucumber Scenarios" data-provider="scenarios" finished-at="2023-09-05T08:29:57 EDT" duration-ms="49573" status="PASS">
          <params>
            <param index="0">
              <value>
                <![CDATA["The user is able to navigate to Implementation in Python link page"]]>
              </value>
            </param>
            <param index="1">
              <value>
                <![CDATA["Tree Page"]]>
              </value>
            </param>
          </params>
          <reporter-output>
          </reporter-output>
        </test-method> <!-- runScenario -->
        <test-method signature="runScenario(io.cucumber.testng.PickleWrapper,io.cucumber.testng.FeatureWrapper)[pri:0, instance:testRunner.MyTestRunner@26df6e3a]" started-at="2023-09-05T08:29:08 EDT" name="runScenario" description="Runs Cucumber Scenarios" data-provider="scenarios" finished-at="2023-09-05T08:29:58 EDT" duration-ms="50287" status="PASS">
          <params>
            <param index="0">
              <value>
                <![CDATA["The user is presented with error message for code with invalid syntax in tryEditor for Implementation in Python page"]]>
              </value>
            </param>
            <param index="1">
              <value>
                <![CDATA["Tree Page"]]>
              </value>
            </param>
          </params>
          <reporter-output>
          </reporter-output>
        </test-method> <!-- runScenario -->
        <test-method signature="runScenario(io.cucumber.testng.PickleWrapper,io.cucumber.testng.FeatureWrapper)[pri:0, instance:testRunner.MyTestRunner@26df6e3a]" started-at="2023-09-05T08:29:08 EDT" name="runScenario" description="Runs Cucumber Scenarios" data-provider="scenarios" finished-at="2023-09-05T08:30:00 EDT" duration-ms="52120" status="PASS">
          <params>
            <param index="0">
              <value>
                <![CDATA["The user is able to navigate to Binary Tree Traversals link page"]]>
              </value>
            </param>
            <param index="1">
              <value>
                <![CDATA["Tree Page"]]>
              </value>
            </param>
          </params>
          <reporter-output>
          </reporter-output>
        </test-method> <!-- runScenario -->
        <test-method signature="runScenario(io.cucumber.testng.PickleWrapper,io.cucumber.testng.FeatureWrapper)[pri:0, instance:testRunner.MyTestRunner@26df6e3a]" started-at="2023-09-05T08:29:08 EDT" name="runScenario" description="Runs Cucumber Scenarios" data-provider="scenarios" finished-at="2023-09-05T08:30:08 EDT" duration-ms="60030" status="PASS">
          <params>
            <param index="0">
              <value>
                <![CDATA["The user is presented with error message for code with invalid syntax in tryEditor for Binary Tree Traversals page"]]>
              </value>
            </param>
            <param index="1">
              <value>
                <![CDATA["Tree Page"]]>
              </value>
            </param>
          </params>
          <reporter-output>
          </reporter-output>
        </test-method> <!-- runScenario -->
        <test-method signature="runScenario(io.cucumber.testng.PickleWrapper,io.cucumber.testng.FeatureWrapper)[pri:0, instance:testRunner.MyTestRunner@26df6e3a]" started-at="2023-09-05T08:29:18 EDT" name="runScenario" description="Runs Cucumber Scenarios" data-provider="scenarios" finished-at="2023-09-05T08:30:22 EDT" duration-ms="63478" status="PASS">
          <params>
            <param index="0">
              <value>
                <![CDATA["The user is able to navigate to Implementation of Binary Trees link page"]]>
              </value>
            </param>
            <param index="1">
              <value>
                <![CDATA["Tree Page"]]>
              </value>
            </param>
          </params>
          <reporter-output>
          </reporter-output>
        </test-method> <!-- runScenario -->
        <test-method signature="runScenario(io.cucumber.testng.PickleWrapper,io.cucumber.testng.FeatureWrapper)[pri:0, instance:testRunner.MyTestRunner@26df6e3a]" started-at="2023-09-05T08:29:31 EDT" name="runScenario" description="Runs Cucumber Scenarios" data-provider="scenarios" finished-at="2023-09-05T08:29:46 EDT" duration-ms="14419" status="FAIL">
          <params>
            <param index="0">
              <value>
                <![CDATA["The user is presented with error message for code with invalid syntax in tryEditor for Implementation of Binary Trees page"]]>
              </value>
            </param>
            <param index="1">
              <value>
                <![CDATA["Tree Page"]]>
              </value>
            </param>
          </params>
          <exception class="org.openqa.selenium.SessionNotCreatedException">
            <message>
              <![CDATA[session not created
from no such execution context: uniqueContextId not found
  (Session info: chrome=116.0.5845.141)
Build info: version: '3.141.59', revision: 'e82be7d358', time: '2018-11-14T08:17:03'
System info: host: 'LAPTOP-EGII9MOL', ip: '192.168.1.32', os.name: 'Windows 11', os.arch: 'amd64', os.version: '10.0', java.version: '17.0.8'
Driver info: driver.version: ChromeDriver
remote stacktrace: GetHandleVerifier [0x00007FF68C0552A2+57122]
(No symbol) [0x00007FF68BFCEA92]
(No symbol) [0x00007FF68BE9E3AB]
(No symbol) [0x00007FF68BE8C6E6]
(No symbol) [0x00007FF68BE8AA3B]
(No symbol) [0x00007FF68BE8B31E]
(No symbol) [0x00007FF68BEA1FE7]
(No symbol) [0x00007FF68BEA3D2F]
(No symbol) [0x00007FF68BEA3E20]
(No symbol) [0x00007FF68BEFFF28]
(No symbol) [0x00007FF68BEFE5B0]
(No symbol) [0x00007FF68BEF6DB3]
(No symbol) [0x00007FF68BECD2B1]
(No symbol) [0x00007FF68BECE494]
GetHandleVerifier [0x00007FF68C2FEF82+2849794]
GetHandleVerifier [0x00007FF68C351D24+3189156]
GetHandleVerifier [0x00007FF68C34ACAF+3160367]
GetHandleVerifier [0x00007FF68C0E6D06+653702]
(No symbol) [0x00007FF68BFDA208]
(No symbol) [0x00007FF68BFD62C4]
(No symbol) [0x00007FF68BFD63F6]
(No symbol) [0x00007FF68BFC67A3]
BaseThreadInitThunk [0x00007FFD7FFA257D+29]
RtlUserThreadStart [0x00007FFD817CAA68+40]
]]>
            </message>
            <full-stacktrace>
              <![CDATA[org.openqa.selenium.SessionNotCreatedException: session not created
from no such execution context: uniqueContextId not found
  (Session info: chrome=116.0.5845.141)
Build info: version: '3.141.59', revision: 'e82be7d358', time: '2018-11-14T08:17:03'
System info: host: 'LAPTOP-EGII9MOL', ip: '192.168.1.32', os.name: 'Windows 11', os.arch: 'amd64', os.version: '10.0', java.version: '17.0.8'
Driver info: driver.version: ChromeDriver
remote stacktrace: GetHandleVerifier [0x00007FF68C0552A2+57122]
(No symbol) [0x00007FF68BFCEA92]
(No symbol) [0x00007FF68BE9E3AB]
(No symbol) [0x00007FF68BE8C6E6]
(No symbol) [0x00007FF68BE8AA3B]
(No symbol) [0x00007FF68BE8B31E]
(No symbol) [0x00007FF68BEA1FE7]
(No symbol) [0x00007FF68BEA3D2F]
(No symbol) [0x00007FF68BEA3E20]
(No symbol) [0x00007FF68BEFFF28]
(No symbol) [0x00007FF68BEFE5B0]
(No symbol) [0x00007FF68BEF6DB3]
(No symbol) [0x00007FF68BECD2B1]
(No symbol) [0x00007FF68BECE494]
GetHandleVerifier [0x00007FF68C2FEF82+2849794]
GetHandleVerifier [0x00007FF68C351D24+3189156]
GetHandleVerifier [0x00007FF68C34ACAF+3160367]
GetHandleVerifier [0x00007FF68C0E6D06+653702]
(No symbol) [0x00007FF68BFDA208]
(No symbol) [0x00007FF68BFD62C4]
(No symbol) [0x00007FF68BFD63F6]
(No symbol) [0x00007FF68BFC67A3]
BaseThreadInitThunk [0x00007FFD7FFA257D+29]
RtlUserThreadStart [0x00007FFD817CAA68+40]

at java.base/jdk.internal.reflect.NativeConstructorAccessorImpl.newInstance0(Native Method)
at java.base/jdk.internal.reflect.NativeConstructorAccessorImpl.newInstance(NativeConstructorAccessorImpl.java:77)
at java.base/jdk.internal.reflect.DelegatingConstructorAccessorImpl.newInstance(DelegatingConstructorAccessorImpl.java:45)
at java.base/java.lang.reflect.Constructor.newInstanceWithCaller(Constructor.java:499)
at java.base/java.lang.reflect.Constructor.newInstance(Constructor.java:480)
at org.openqa.selenium.remote.W3CHandshakeResponse.lambda$errorHandler$0(W3CHandshakeResponse.java:62)
at org.openqa.selenium.remote.HandshakeResponse.lambda$getResponseFunction$0(HandshakeResponse.java:30)
at org.openqa.selenium.remote.ProtocolHandshake.lambda$createSession$0(ProtocolHandshake.java:126)
at java.base/java.util.stream.ReferencePipeline$3$1.accept(ReferencePipeline.java:197)
at java.base/java.util.Spliterators$ArraySpliterator.tryAdvance(Spliterators.java:1002)
at java.base/java.util.stream.ReferencePipeline.forEachWithCancel(ReferencePipeline.java:129)
at java.base/java.util.stream.AbstractPipeline.copyIntoWithCancel(AbstractPipeline.java:527)
at java.base/java.util.stream.AbstractPipeline.copyInto(AbstractPipeline.java:513)
at java.base/java.util.stream.AbstractPipeline.wrapAndCopyInto(AbstractPipeline.java:499)
at java.base/java.util.stream.FindOps$FindOp.evaluateSequential(FindOps.java:150)
at java.base/java.util.stream.AbstractPipeline.evaluate(AbstractPipeline.java:234)
at java.base/java.util.stream.ReferencePipeline.findFirst(ReferencePipeline.java:647)
at org.openqa.selenium.remote.ProtocolHandshake.createSession(ProtocolHandshake.java:128)
at org.openqa.selenium.remote.ProtocolHandshake.createSession(ProtocolHandshake.java:74)
at org.openqa.selenium.remote.HttpCommandExecutor.execute(HttpCommandExecutor.java:136)
at org.openqa.selenium.remote.service.DriverCommandExecutor.execute(DriverCommandExecutor.java:83)
at org.openqa.selenium.remote.RemoteWebDriver.execute(RemoteWebDriver.java:552)
at org.openqa.selenium.remote.RemoteWebDriver.startSession(RemoteWebDriver.java:213)
at org.openqa.selenium.remote.RemoteWebDriver.<init>(RemoteWebDriver.java:131)
at org.openqa.selenium.chrome.ChromeDriver.<init>(ChromeDriver.java:181)
at org.openqa.selenium.chrome.ChromeDriver.<init>(ChromeDriver.java:168)
at org.openqa.selenium.chrome.ChromeDriver.<init>(ChromeDriver.java:123)
at driver.Driverfactory.init_driver(Driverfactory.java:35)
at appHooks.AppHooks.launchBrowser(AppHooks.java:37)
]]>
            </full-stacktrace>
          </exception> <!-- org.openqa.selenium.SessionNotCreatedException -->
          <reporter-output>
          </reporter-output>
        </test-method> <!-- runScenario -->
        <test-method signature="runScenario(io.cucumber.testng.PickleWrapper,io.cucumber.testng.FeatureWrapper)[pri:0, instance:testRunner.MyTestRunner@26df6e3a]" started-at="2023-09-05T08:29:38 EDT" name="runScenario" description="Runs Cucumber Scenarios" data-provider="scenarios" finished-at="2023-09-05T08:30:15 EDT" duration-ms="36575" status="PASS">
          <params>
            <param index="0">
              <value>
                <![CDATA["The user is able to navigate to Applications of Binary trees link page"]]>
              </value>
            </param>
            <param index="1">
              <value>
                <![CDATA["Tree Page"]]>
              </value>
            </param>
          </params>
          <reporter-output>
          </reporter-output>
        </test-method> <!-- runScenario -->
        <test-method signature="runScenario(io.cucumber.testng.PickleWrapper,io.cucumber.testng.FeatureWrapper)[pri:0, instance:testRunner.MyTestRunner@26df6e3a]" started-at="2023-09-05T08:29:46 EDT" name="runScenario" description="Runs Cucumber Scenarios" data-provider="scenarios" finished-at="2023-09-05T08:30:08 EDT" duration-ms="22232" status="PASS">
          <params>
            <param index="0">
              <value>
                <![CDATA["The user is presented with error message for code with invalid syntax in tryEditor for Applications of Binary trees page"]]>
              </value>
            </param>
            <param index="1">
              <value>
                <![CDATA["Tree Page"]]>
              </value>
            </param>
          </params>
          <reporter-output>
          </reporter-output>
        </test-method> <!-- runScenario -->
        <test-method signature="runScenario(io.cucumber.testng.PickleWrapper,io.cucumber.testng.FeatureWrapper)[pri:0, instance:testRunner.MyTestRunner@26df6e3a]" started-at="2023-09-05T08:29:57 EDT" name="runScenario" description="Runs Cucumber Scenarios" data-provider="scenarios" finished-at="2023-09-05T08:30:23 EDT" duration-ms="25119" status="PASS">
          <params>
            <param index="0">
              <value>
                <![CDATA["The user is able to navigate to Binary Search Trees link page"]]>
              </value>
            </param>
            <param index="1">
              <value>
                <![CDATA["Tree Page"]]>
              </value>
            </param>
          </params>
          <reporter-output>
          </reporter-output>
        </test-method> <!-- runScenario -->
        <test-method signature="runScenario(io.cucumber.testng.PickleWrapper,io.cucumber.testng.FeatureWrapper)[pri:0, instance:testRunner.MyTestRunner@26df6e3a]" started-at="2023-09-05T08:29:58 EDT" name="runScenario" description="Runs Cucumber Scenarios" data-provider="scenarios" finished-at="2023-09-05T08:30:22 EDT" duration-ms="23905" status="PASS">
          <params>
            <param index="0">
              <value>
                <![CDATA["The user is presented with error message for code with invalid syntax in tryEditor for Binary Search Trees page"]]>
              </value>
            </param>
            <param index="1">
              <value>
                <![CDATA["Tree Page"]]>
              </value>
            </param>
          </params>
          <reporter-output>
          </reporter-output>
        </test-method> <!-- runScenario -->
        <test-method signature="runScenario(io.cucumber.testng.PickleWrapper,io.cucumber.testng.FeatureWrapper)[pri:0, instance:testRunner.MyTestRunner@26df6e3a]" started-at="2023-09-05T08:29:58 EDT" name="runScenario" description="Runs Cucumber Scenarios" data-provider="scenarios" finished-at="2023-09-05T08:30:22 EDT" duration-ms="24109" status="PASS">
          <params>
            <param index="0">
              <value>
                <![CDATA["The user is able to navigate to Implementation Of BST link page"]]>
              </value>
            </param>
            <param index="1">
              <value>
                <![CDATA["Tree Page"]]>
              </value>
            </param>
          </params>
          <reporter-output>
          </reporter-output>
        </test-method> <!-- runScenario -->
        <test-method signature="runScenario(io.cucumber.testng.PickleWrapper,io.cucumber.testng.FeatureWrapper)[pri:0, instance:testRunner.MyTestRunner@26df6e3a]" started-at="2023-09-05T08:30:00 EDT" name="runScenario" description="Runs Cucumber Scenarios" data-provider="scenarios" finished-at="2023-09-05T08:30:22 EDT" duration-ms="22149" status="PASS">
          <params>
            <param index="0">
              <value>
                <![CDATA["The user is presented with error message for code with invalid syntax in tryEditor for Implementation Of BST Link page"]]>
              </value>
            </param>
            <param index="1">
              <value>
                <![CDATA["Tree Page"]]>
              </value>
            </param>
          </params>
          <reporter-output>
          </reporter-output>
        </test-method> <!-- runScenario -->
        <test-method signature="runScenario(io.cucumber.testng.PickleWrapper,io.cucumber.testng.FeatureWrapper)[pri:0, instance:testRunner.MyTestRunner@26df6e3a]" started-at="2023-09-05T08:30:08 EDT" name="runScenario" description="Runs Cucumber Scenarios" data-provider="scenarios" finished-at="2023-09-05T08:30:22 EDT" duration-ms="14161" status="PASS">
          <params>
            <param index="0">
              <value>
                <![CDATA["The user is able to navigate to Practice page"]]>
              </value>
            </param>
            <param index="1">
              <value>
                <![CDATA["Tree Page"]]>
              </value>
            </param>
          </params>
          <reporter-output>
          </reporter-output>
        </test-method> <!-- runScenario -->
        <test-method is-config="true" signature="tearDownClass()[pri:0, instance:testRunner.MyTestRunner@26df6e3a]" started-at="2023-09-05T08:30:23 EDT" name="tearDownClass" finished-at="2023-09-05T08:30:27 EDT" duration-ms="4000" status="PASS">
          <reporter-output>
          </reporter-output>
        </test-method> <!-- tearDownClass -->
      </class> <!-- testRunner.MyTestRunner -->
    </test> <!-- Default test -->
  </suite> <!-- Default suite -->
</testng-results>
